#
# There is insufficient memory for the Java Runtime Environment to continue.
# Native memory allocation (malloc) failed to allocate 1011056 bytes for Chunk::new
# Possible reasons:
#   The system is out of physical RAM or swap space
#   In 32 bit mode, the process size limit was hit
# Possible solutions:
#   Reduce memory load on the system
#   Increase physical memory or swap space
#   Check if swap backing store is full
#   Use 64 bit Java on a 64 bit OS
#   Decrease Java heap size (-Xmx/-Xms)
#   Decrease number of Java threads
#   Decrease Java thread stack sizes (-Xss)
#   Set larger code cache with -XX:ReservedCodeCacheSize=
# This output file may be truncated or incomplete.
#
#  Out of Memory Error (allocation.cpp:390), pid=803264, tid=0x00000000000c314c
#
# JRE version: OpenJDK Runtime Environment (8.0_76-b03) (build 1.8.0_76-release-b03)
# Java VM: OpenJDK 64-Bit Server VM (25.76-b03 mixed mode windows-amd64 compressed oops)
# Failed to write core dump. Minidumps are not enabled by default on client versions of Windows
#

---------------  T H R E A D  ---------------

Current thread (0x000000001562a000):  JavaThread "C2 CompilerThread1" daemon [_thread_in_native, id=799052, stack(0x0000000017d40000,0x0000000017e40000)]

Stack: [0x0000000017d40000,0x0000000017e40000]
[error occurred during error reporting (printing stack bounds), id 0xc0000005]

Native frames: (J=compiled Java code, j=interpreted, Vv=VM code, C=native code)


Current CompileTask:
C2:   3941 1376   !   4       com.android.dx.cf.cst.ConstantPoolParser::parse0 (731 bytes)


---------------  P R O C E S S  ---------------

Java Threads: ( => current thread )
  0x0000000017843800 JavaThread "pool-2-thread-4" [_thread_blocked, id=87960, stack(0x0000000018640000,0x0000000018740000)]
  0x000000001783f000 JavaThread "pool-2-thread-3" [_thread_blocked, id=59832, stack(0x0000000018540000,0x0000000018640000)]
  0x0000000017829800 JavaThread "pool-2-thread-2" [_thread_blocked, id=14404, stack(0x0000000018440000,0x0000000018540000)]
  0x000000001780f000 JavaThread "pool-3-thread-1" [_thread_blocked, id=151560, stack(0x0000000018340000,0x0000000018440000)]
  0x00000000176c9800 JavaThread "pool-2-thread-1" [_thread_blocked, id=803460, stack(0x0000000018240000,0x0000000018340000)]
  0x00000000175cb800 JavaThread "Service Thread" daemon [_thread_blocked, id=802572, stack(0x0000000018040000,0x0000000018140000)]
  0x000000001758c000 JavaThread "C1 CompilerThread3" daemon [_thread_blocked, id=18996, stack(0x0000000017f40000,0x0000000018040000)]
  0x000000001562e000 JavaThread "C2 CompilerThread2" daemon [_thread_blocked, id=802496, stack(0x0000000017e40000,0x0000000017f40000)]
=>0x000000001562a000 JavaThread "C2 CompilerThread1" daemon [_thread_in_native, id=799052, stack(0x0000000017d40000,0x0000000017e40000)]
  0x000000001751b800 JavaThread "C2 CompilerThread0" daemon [_thread_blocked, id=803228, stack(0x0000000017c40000,0x0000000017d40000)]
  0x000000001751a800 JavaThread "Attach Listener" daemon [_thread_blocked, id=169124, stack(0x0000000017b40000,0x0000000017c40000)]
  0x0000000017568800 JavaThread "Signal Dispatcher" daemon [_thread_blocked, id=803164, stack(0x0000000017a40000,0x0000000017b40000)]
  0x0000000017500800 JavaThread "Finalizer" daemon [_thread_blocked, id=324344, stack(0x00000000178e0000,0x00000000179e0000)]
  0x0000000002af4000 JavaThread "Reference Handler" daemon [_thread_blocked, id=15200, stack(0x00000000173e0000,0x00000000174e0000)]
  0x0000000002a00800 JavaThread "main" [_thread_blocked, id=6880, stack(0x0000000002900000,0x0000000002a00000)]

Other Threads:
  0x0000000015617000 VMThread [stack: 0x00000000172e0000,0x00000000173e0000] [id=800920]
  0x00000000175d4800 WatcherThread [stack: 0x0000000018140000,0x0000000018240000] [id=19260]

VM state:at safepoint (normal execution)

VM Mutex/Monitor currently owned by a thread:  ([mutex/lock_event])
[0x000000000244c370] Threads_lock - owner thread: 0x0000000015617000
[0x000000000244c970] Heap_lock - owner thread: 0x0000000002a00800

Heap:
 PSYoungGen      total 37888K, used 37869K [0x00000000eab00000, 0x00000000ef500000, 0x0000000100000000)
  eden space 32768K, 100% used [0x00000000eab00000,0x00000000ecb00000,0x00000000ecb00000)
  from space 5120K, 99% used [0x00000000ecb00000,0x00000000ecffb430,0x00000000ed000000)
  to   space 5120K, 4% used [0x00000000ef000000,0x00000000ef038000,0x00000000ef500000)
 ParOldGen       total 86016K, used 1801K [0x00000000c0000000, 0x00000000c5400000, 0x00000000eab00000)
  object space 86016K, 2% used [0x00000000c0000000,0x00000000c01c25b0,0x00000000c5400000)
 Metaspace       used 6083K, capacity 7024K, committed 7296K, reserved 1056768K
  class space    used 586K, capacity 616K, committed 640K, reserved 1048576K

Card table byte_map: [0x0000000011ec0000,0x00000000120d0000] byte_map_base: 0x00000000118c0000

Marking Bits: (ParMarkBitMap*) 0x0000000076f99d00
 Begin Bits: [0x0000000012a30000, 0x0000000013a30000)
 End Bits:   [0x0000000013a30000, 0x0000000014a30000)

Polling page: 0x00000000009d0000

CodeCache: size=245760Kb used=6566Kb max_used=6566Kb free=239193Kb
 bounds [0x0000000002b00000, 0x0000000003180000, 0x0000000011b00000]
 total_blobs=1767 nmethods=1503 adapters=178
 compilation: enabled

Compilation events (10 events):
Event: 3.910 Thread 0x000000001758c000 1501       3       com.android.dx.cf.code.BytecodeArray::size (8 bytes)
Event: 3.910 Thread 0x000000001758c000 nmethod 1501 0x000000000315b9d0 code [0x000000000315bb20, 0x000000000315bd10]
Event: 3.910 Thread 0x000000001758c000 1502       3       com.android.dx.rop.cst.StdConstantPool::get0Ok (12 bytes)
Event: 3.911 Thread 0x000000001758c000 nmethod 1502 0x0000000003167c90 code [0x0000000003167f40, 0x00000000031690d8]
Event: 3.911 Thread 0x000000001758c000 1504       3       com.android.dx.rop.cst.CstType::equals (29 bytes)
Event: 3.912 Thread 0x000000001758c000 nmethod 1504 0x000000000315cf90 code [0x000000000315d100, 0x000000000315d4f0]
Event: 3.912 Thread 0x000000001758c000 1503       3       com.android.dx.rop.annotation.Annotation::<init> (54 bytes)
Event: 3.912 Thread 0x000000001758c000 nmethod 1503 0x0000000003167290 code [0x0000000003167440, 0x00000000031679f8]
Event: 3.915 Thread 0x000000001758c000 1506       3       com.android.dx.ssa.back.SsaToRop::moveParametersToHighRegisters (88 bytes)
Event: 3.916 Thread 0x000000001758c000 nmethod 1506 0x0000000003166490 code [0x0000000003166660, 0x0000000003166f38]

GC Heap History (2 events):
Event: 2.720 GC heap before
{Heap before GC invocations=1 (full 0):
 PSYoungGen      total 37888K, used 32768K [0x00000000eab00000, 0x00000000ed500000, 0x0000000100000000)
  eden space 32768K, 100% used [0x00000000eab00000,0x00000000ecb00000,0x00000000ecb00000)
  from space 5120K, 0% used [0x00000000ed000000,0x00000000ed000000,0x00000000ed500000)
  to   space 5120K, 0% used [0x00000000ecb00000,0x00000000ecb00000,0x00000000ed000000)
 ParOldGen       total 86016K, used 0K [0x00000000c0000000, 0x00000000c5400000, 0x00000000eab00000)
  object space 86016K, 0% used [0x00000000c0000000,0x00000000c0000000,0x00000000c5400000)
 Metaspace       used 5848K, capacity 6896K, committed 7040K, reserved 1056768K
  class space    used 567K, capacity 616K, committed 640K, reserved 1048576K
Event: 2.762 GC heap after
Heap after GC invocations=1 (full 0):
 PSYoungGen      total 37888K, used 5101K [0x00000000eab00000, 0x00000000ef500000, 0x0000000100000000)
  eden space 32768K, 0% used [0x00000000eab00000,0x00000000eab00000,0x00000000ecb00000)
  from space 5120K, 99% used [0x00000000ecb00000,0x00000000ecffb430,0x00000000ed000000)
  to   space 5120K, 0% used [0x00000000ef000000,0x00000000ef000000,0x00000000ef500000)
 ParOldGen       total 86016K, used 1801K [0x00000000c0000000, 0x00000000c5400000, 0x00000000eab00000)
  object space 86016K, 2% used [0x00000000c0000000,0x00000000c01c25b0,0x00000000c5400000)
 Metaspace       used 5848K, capacity 6896K, committed 7040K, reserved 1056768K
  class space    used 567K, capacity 616K, committed 640K, reserved 1048576K
}

Deoptimization events (10 events):
Event: 2.958 Thread 0x0000000017843800 Uncommon trap: reason=unstable_if action=reinterpret pc=0x0000000002e5d9fc method=com.android.dx.rop.code.RegisterSpec.equals(ILcom/android/dx/rop/type/TypeBearer;Lcom/android/dx/rop/code/LocalItem;)Z @ 42
Event: 3.429 Thread 0x00000000176c9800 Uncommon trap: reason=null_check action=make_not_entrant pc=0x00000000030a21f4 method=com.android.dx.ssa.SsaRenamer.getLocalForNewReg(I)Lcom/android/dx/rop/code/LocalItem; @ 19
Event: 3.631 Thread 0x00000000176c9800 Uncommon trap: reason=bimorphic action=maybe_recompile pc=0x0000000002d2b3ec method=java.util.HashMap.getNode(ILjava/lang/Object;)Ljava/util/HashMap$Node; @ 126
Event: 3.755 Thread 0x0000000017829800 Uncommon trap: reason=unstable_if action=reinterpret pc=0x0000000002e7e41c method=java.util.HashMap.putVal(ILjava/lang/Object;Ljava/lang/Object;ZZ)Ljava/lang/Object; @ 162
Event: 3.825 Thread 0x0000000017829800 Uncommon trap: reason=unstable_if action=reinterpret pc=0x0000000003008e58 method=java.util.HashMap.getNode(ILjava/lang/Object;)Ljava/util/HashMap$Node; @ 84
Event: 3.831 Thread 0x0000000017829800 Uncommon trap: reason=unstable_if action=reinterpret pc=0x0000000003007c18 method=java.util.HashMap.putVal(ILjava/lang/Object;Ljava/lang/Object;ZZ)Ljava/lang/Object; @ 109
Event: 3.874 Thread 0x0000000017843800 Uncommon trap: reason=class_check action=maybe_recompile pc=0x0000000003102838 method=com.android.dx.rop.code.RegisterSpec.withSimpleType()Lcom/android/dx/rop/code/RegisterSpec; @ 21
Event: 3.874 Thread 0x0000000017843800 Uncommon trap: reason=class_check action=maybe_recompile pc=0x0000000003102838 method=com.android.dx.rop.code.RegisterSpec.withSimpleType()Lcom/android/dx/rop/code/RegisterSpec; @ 21
Event: 3.885 Thread 0x0000000017843800 Uncommon trap: reason=class_check action=maybe_recompile pc=0x0000000003102838 method=com.android.dx.rop.code.RegisterSpec.withSimpleType()Lcom/android/dx/rop/code/RegisterSpec; @ 21
Event: 3.886 Thread 0x0000000017843800 Uncommon trap: reason=class_check action=maybe_recompile pc=0x0000000003102838 method=com.android.dx.rop.code.RegisterSpec.withSimpleType()Lcom/android/dx/rop/code/RegisterSpec; @ 21

Internal exceptions (6 events):
Event: 0.528 Thread 0x0000000002a00800 Exception <a 'java/lang/NoSuchMethodError': Method sun.misc.Unsafe.defineClass(Ljava/lang/String;[BII)Ljava/lang/Class; name or signature does not match> (0x00000000eab07cc0) thrown at [C:\src\android\AOSP-openjdk\external\jetbrains\jdk\hotspot\src\share\vùΩ»G‰‡?
Event: 0.528 Thread 0x0000000002a00800 Exception <a 'java/lang/NoSuchMethodError': Method sun.misc.Unsafe.prefetchRead(Ljava/lang/Object;J)V name or signature does not match> (0x00000000eab07fa8) thrown at [C:\src\android\AOSP-openjdk\external\jetbrains\jdk\hotspot\src\share\vm\prims\jni.cpp, l∏±7£n@
Event: 3.429 Thread 0x00000000176c9800 Implicit null exception at 0x000000000309efdf to 0x00000000030a21c9
Event: 3.791 Thread 0x0000000017829800 Exception <a 'java/lang/ArrayIndexOutOfBoundsException': 18> (0x00000000eb9ff240) thrown at [C:\src\android\AOSP-openjdk\external\jetbrains\jdk\hotspot\src\share\vm\interpreter\interpreterRuntime.cpp, line 366]
Event: 3.792 Thread 0x0000000017829800 Exception <a 'java/lang/ArrayIndexOutOfBoundsException'> (0x00000000eba00dc0) thrown at [C:\src\android\AOSP-openjdk\external\jetbrains\jdk\hotspot\src\share\vm\runtime\sharedRuntime.cpp, line 605]
Event: 3.823 Thread 0x0000000017829800 Exception <a 'java/lang/ArrayIndexOutOfBoundsException'> (0x00000000eba020a8) thrown at [C:\src\android\AOSP-openjdk\external\jetbrains\jdk\hotspot\src\share\vm\runtime\sharedRuntime.cpp, line 605]

Events (10 events):
Event: 3.874 Thread 0x0000000017843800 DEOPT UNPACKING pc=0x0000000002b4556a sp=0x000000001873e5c8 mode 2
Event: 3.874 Thread 0x0000000017843800 Uncommon trap: trap_request=0xffffffde fr.pc=0x0000000003102838
Event: 3.874 Thread 0x0000000017843800 DEOPT PACKING pc=0x0000000003102838 sp=0x000000001873e690
Event: 3.874 Thread 0x0000000017843800 DEOPT UNPACKING pc=0x0000000002b4556a sp=0x000000001873e5c8 mode 2
Event: 3.885 Thread 0x0000000017843800 Uncommon trap: trap_request=0xffffffde fr.pc=0x0000000003102838
Event: 3.885 Thread 0x0000000017843800 DEOPT PACKING pc=0x0000000003102838 sp=0x000000001873e600
Event: 3.885 Thread 0x0000000017843800 DEOPT UNPACKING pc=0x0000000002b4556a sp=0x000000001873e538 mode 2
Event: 3.886 Thread 0x0000000017843800 Uncommon trap: trap_request=0xffffffde fr.pc=0x0000000003102838
Event: 3.886 Thread 0x0000000017843800 DEOPT PACKING pc=0x0000000003102838 sp=0x000000001873e600
Event: 3.886 Thread 0x0000000017843800 DEOPT UNPACKING pc=0x0000000002b4556a sp=0x000000001873e538 mode 2


Dynamic libraries:
0x00007ff74e470000 - 0x00007ff74e4a1000 	D:\IDE\Android Studio\jre\bin\java.exe
0x00007ffb50270000 - 0x00007ffb50441000 	C:\Windows\SYSTEM32\ntdll.dll
0x00007ffb4eed0000 - 0x00007ffb4ef7b000 	C:\Windows\System32\KERNEL32.DLL
0x00007ffb4d240000 - 0x00007ffb4d45d000 	C:\Windows\System32\KERNELBASE.dll
0x00007ffb4f6c0000 - 0x00007ffb4f762000 	C:\Windows\System32\ADVAPI32.dll
0x00007ffb501d0000 - 0x00007ffb5026e000 	C:\Windows\System32\msvcrt.dll
0x00007ffb4f5a0000 - 0x00007ffb4f5f9000 	C:\Windows\System32\sechost.dll
0x00007ffb4ff60000 - 0x00007ffb50081000 	C:\Windows\System32\RPCRT4.dll
0x00007ffb4f430000 - 0x00007ffb4f595000 	C:\Windows\System32\USER32.dll
0x00007ffb4d560000 - 0x00007ffb4d57e000 	C:\Windows\System32\win32u.dll
0x00007ffb4fe80000 - 0x00007ffb4feb4000 	C:\Windows\System32\GDI32.dll
0x00007ffb4d0b0000 - 0x00007ffb4d232000 	C:\Windows\System32\gdi32full.dll
0x00007ffb45710000 - 0x00007ffb4598a000 	C:\Windows\WinSxS\amd64_microsoft.windows.common-controls_6595b64144ccf1df_6.0.14393.351_none_4213128bc687e6d3\COMCTL32.dll
0x00007ffb4f8a0000 - 0x00007ffb4fb67000 	C:\Windows\System32\combase.dll
0x00007ffb4d460000 - 0x00007ffb4d555000 	C:\Windows\System32\ucrtbase.dll
0x00007ffb4d040000 - 0x00007ffb4d0aa000 	C:\Windows\System32\bcryptPrimitives.dll
0x00007ffb4f870000 - 0x00007ffb4f89e000 	C:\Windows\System32\IMM32.DLL
0x0000000050810000 - 0x00000000508e2000 	D:\IDE\Android Studio\jre\jre\bin\msvcr100.dll
0x00000000767e0000 - 0x0000000077014000 	D:\IDE\Android Studio\jre\jre\bin\server\jvm.dll
0x00007ffb4fcd0000 - 0x00007ffb4fcd8000 	C:\Windows\System32\PSAPI.DLL
0x00007ffb41e10000 - 0x00007ffb41e19000 	C:\Windows\SYSTEM32\WSOCK32.dll
0x00007ffb43080000 - 0x00007ffb430a3000 	C:\Windows\SYSTEM32\WINMM.dll
0x00007ffb50150000 - 0x00007ffb501ba000 	C:\Windows\System32\WS2_32.dll
0x00007ffb40100000 - 0x00007ffb4010a000 	C:\Windows\SYSTEM32\VERSION.dll
0x00007ffb42d80000 - 0x00007ffb42dab000 	C:\Windows\SYSTEM32\WINMMBASE.dll
0x00007ffb4c910000 - 0x00007ffb4c952000 	C:\Windows\System32\cfgmgr32.dll
0x00007ffb493b0000 - 0x00007ffb493bf000 	D:\IDE\Android Studio\jre\jre\bin\verify.dll
0x00007ffb417a0000 - 0x00007ffb417c9000 	D:\IDE\Android Studio\jre\jre\bin\java.dll
0x00007ffb45b20000 - 0x00007ffb45b36000 	D:\IDE\Android Studio\jre\jre\bin\zip.dll
0x00007ffb4d9c0000 - 0x00007ffb4eec9000 	C:\Windows\System32\SHELL32.dll
0x00007ffb4c960000 - 0x00007ffb4d03a000 	C:\Windows\System32\windows.storage.dll
0x00007ffb4c6f0000 - 0x00007ffb4c73c000 	C:\Windows\System32\powrprof.dll
0x00007ffb500f0000 - 0x00007ffb50142000 	C:\Windows\System32\shlwapi.dll
0x00007ffb4c750000 - 0x00007ffb4c75f000 	C:\Windows\System32\kernel.appcore.dll
0x00007ffb4c7c0000 - 0x00007ffb4c869000 	C:\Windows\System32\shcore.dll
0x00007ffb4c6d0000 - 0x00007ffb4c6e4000 	C:\Windows\System32\profapi.dll

VM Arguments:
jvm_args: -Djava.awt.headless=true -Xmx1024M -Dfile.encoding=GBK -Duser.country=CN -Duser.language=zh -Duser.variant 
java_command: com.android.dx.command.Main --dex --force-jumbo --num-threads=4 --multi-dex --output D:\StudioWorkSpace\openXu\OXAndroid\app\build\intermediates\transforms\dex\debug\folders\1000\10\com.android.support-support-core-ui-25.0.1_913ed656b68b1566426e5bc527708ea035c442e5 D:\StudioWorkSpace\openXu\OXAndroid\app\build\intermediates\exploded-aar\com.android.support\support-core-ui\25.0.1\jars\classes.jar
java_class_path (initial): D:\IDE\sdk\build-tools\25.0.1\lib\dx.jar
Launcher Type: SUN_STANDARD

Environment Variables:
PATH=C:\ProgramData\Oracle\Java\javapath;C:\Program Files (x86)\Intel\iCLS Client\;C:\Program Files\Intel\iCLS Client\;C:\Windows\system32;C:\Windows;C:\Windows\System32\Wbem;C:\Windows\System32\WindowsPowerShell\v1.0\;C:\Program Files (x86)\Intel\Intel(R) Management Engine Components\DAL;C:\Program Files\Intel\Intel(R) Management Engine Components\DAL;C:\Program Files (x86)\Intel\Intel(R) Management Engine Components\IPT;C:\Program Files\Intel\Intel(R) Management Engine Components\IPT;C:\Program Files\Intel\WiFi\bin\;C:\Program Files\Common Files\Intel\WirelessCommon\;C:\Program Files (x86)\NVIDIA Corporation\PhysX\Common;C:\Program Files\Java\jdk1.8.0_40\bin;D:\IDE\sdk;D:\IDE\sdk\platform-tools;D:\Program Files\TortoiseSVN\bin;C:\Users\openXu\AppData\Local\Microsoft\WindowsApps;
USERNAME=openXu
OS=Windows_NT
PROCESSOR_IDENTIFIER=Intel64 Family 6 Model 94 Stepping 3, GenuineIntel



---------------  S Y S T E M  ---------------

OS: Windows 10.0 , 64 bit Build 14393 (10.0.14393.0)

CPU:total 8 (4 cores per cpu, 2 threads per core) family 6 model 94 stepping 3, cmov, cx8, fxsr, mmx, sse, sse2, sse3, ssse3, sse4.1, sse4.2, popcnt, avx, avx2, aes, clmul, erms, rtm, 3dnowpref, lzcnt, ht, tsc, tscinvbit, bmi1, bmi2, adx

Memory: 4k page, physical 8247572k(150452k free), swap 22119952k(4740k free)

vm_info: OpenJDK 64-Bit Server VM (25.76-b03) for windows-amd64 JRE (1.8.0_76-release-b03), built on Jun 29 2016 19:09:20 by "ralucas" with MS VC++ 10.0 (VS2010)

time: Tue Mar 07 19:06:25 2017
elapsed time: 3 seconds (0d 0h 0m 3s)

