#
# There is insufficient memory for the Java Runtime Environment to continue.
# Native memory allocation (malloc) failed to allocate 461056 bytes for Chunk::new
# Possible reasons:
#   The system is out of physical RAM or swap space
#   In 32 bit mode, the process size limit was hit
# Possible solutions:
#   Reduce memory load on the system
#   Increase physical memory or swap space
#   Check if swap backing store is full
#   Use 64 bit Java on a 64 bit OS
#   Decrease Java heap size (-Xmx/-Xms)
#   Decrease number of Java threads
#   Decrease Java thread stack sizes (-Xss)
#   Set larger code cache with -XX:ReservedCodeCacheSize=
# This output file may be truncated or incomplete.
#
#  Out of Memory Error (allocation.cpp:390), pid=325052, tid=0x00000000000c4154
#
# JRE version: OpenJDK Runtime Environment (8.0_76-b03) (build 1.8.0_76-release-b03)
# Java VM: OpenJDK 64-Bit Server VM (25.76-b03 mixed mode windows-amd64 compressed oops)
# Failed to write core dump. Minidumps are not enabled by default on client versions of Windows
#

---------------  T H R E A D  ---------------

Current thread (0x0000000017fa8000):  JavaThread "C2 CompilerThread1" daemon [_thread_in_native, id=803156, stack(0x0000000018780000,0x0000000018880000)]

Stack: [0x0000000018780000,0x0000000018880000]
[error occurred during error reporting (printing stack bounds), id 0xc0000005]

Native frames: (J=compiled Java code, j=interpreted, Vv=VM code, C=native code)


Current CompileTask:
C2:   2438 1656   !   4       com.android.dx.cf.code.RopperMachine::run (1550 bytes)


---------------  P R O C E S S  ---------------

Java Threads: ( => current thread )
  0x00000000182af000 JavaThread "pool-2-thread-4" [_thread_blocked, id=324040, stack(0x0000000019880000,0x0000000019980000)]
  0x00000000182ae000 JavaThread "pool-2-thread-3" [_thread_in_Java, id=18768, stack(0x0000000019780000,0x0000000019880000)]
  0x00000000182ca000 JavaThread "pool-2-thread-2" [_thread_blocked, id=322840, stack(0x0000000019680000,0x0000000019780000)]
  0x00000000182c9800 JavaThread "pool-3-thread-1" [_thread_blocked, id=803588, stack(0x0000000019580000,0x0000000019680000)]
  0x00000000182f3800 JavaThread "pool-2-thread-1" [_thread_in_Java, id=802304, stack(0x0000000019480000,0x0000000019580000)]
  0x0000000018005800 JavaThread "Service Thread" daemon [_thread_blocked, id=802308, stack(0x0000000018a80000,0x0000000018b80000)]
  0x0000000018001800 JavaThread "C1 CompilerThread3" daemon [_thread_blocked, id=14604, stack(0x0000000018980000,0x0000000018a80000)]
  0x0000000017ff5800 JavaThread "C2 CompilerThread2" daemon [_thread_in_native, id=1444, stack(0x0000000018880000,0x0000000018980000)]
=>0x0000000017fa8000 JavaThread "C2 CompilerThread1" daemon [_thread_in_native, id=803156, stack(0x0000000018780000,0x0000000018880000)]
  0x0000000017fa5000 JavaThread "C2 CompilerThread0" daemon [_thread_in_native, id=8528, stack(0x0000000018680000,0x0000000018780000)]
  0x0000000017fa3800 JavaThread "Attach Listener" daemon [_thread_blocked, id=802944, stack(0x0000000018580000,0x0000000018680000)]
  0x0000000017f59000 JavaThread "Signal Dispatcher" daemon [_thread_blocked, id=18720, stack(0x0000000018480000,0x0000000018580000)]
  0x0000000003517800 JavaThread "Finalizer" daemon [_thread_blocked, id=16820, stack(0x0000000018320000,0x0000000018420000)]
  0x0000000003514000 JavaThread "Reference Handler" daemon [_thread_blocked, id=323820, stack(0x0000000017e20000,0x0000000017f20000)]
  0x0000000003420800 JavaThread "main" [_thread_blocked, id=108112, stack(0x0000000003320000,0x0000000003420000)]

Other Threads:
  0x0000000016057000 VMThread [stack: 0x0000000017d20000,0x0000000017e20000] [id=84980]
  0x0000000018006800 WatcherThread [stack: 0x0000000018b80000,0x0000000018c80000] [id=803016]

VM state:not at safepoint (normal execution)

VM Mutex/Monitor currently owned by a thread: None

Heap:
 PSYoungGen      total 70656K, used 38272K [0x00000000eab00000, 0x00000000ef500000, 0x0000000100000000)
  eden space 65536K, 50% used [0x00000000eab00000,0x00000000ecb60398,0x00000000eeb00000)
  from space 5120K, 99% used [0x00000000ef000000,0x00000000ef4ffc88,0x00000000ef500000)
  to   space 5120K, 0% used [0x00000000eeb00000,0x00000000eeb00000,0x00000000ef000000)
 ParOldGen       total 86016K, used 2985K [0x00000000c0000000, 0x00000000c5400000, 0x00000000eab00000)
  object space 86016K, 3% used [0x00000000c0000000,0x00000000c02ea4a0,0x00000000c5400000)
 Metaspace       used 6253K, capacity 7088K, committed 7296K, reserved 1056768K
  class space    used 582K, capacity 616K, committed 640K, reserved 1048576K

Card table byte_map: [0x00000000128e0000,0x0000000012af0000] byte_map_base: 0x00000000122e0000

Marking Bits: (ParMarkBitMap*) 0x0000000076f99d00
 Begin Bits: [0x0000000013450000, 0x0000000014450000)
 End Bits:   [0x0000000014450000, 0x0000000015450000)

Polling page: 0x0000000002f00000

CodeCache: size=245760Kb used=7084Kb max_used=7084Kb free=238675Kb
 bounds [0x0000000003520000, 0x0000000003c20000, 0x0000000012520000]
 total_blobs=2002 nmethods=1732 adapters=184
 compilation: enabled

Compilation events (10 events):
Event: 2.426 Thread 0x0000000018001800 nmethod 1726 0x0000000003c0e3d0 code [0x0000000003c0e540, 0x0000000003c0e768]
Event: 2.426 Thread 0x0000000018001800 1745       1       com.android.dx.ssa.PhiInsn::canThrow (2 bytes)
Event: 2.426 Thread 0x0000000018001800 nmethod 1745 0x0000000003c0e810 code [0x0000000003c0e960, 0x0000000003c0ea70]
Event: 2.431 Thread 0x0000000018001800 1747       3       com.android.dx.util.IntList::binarysearch (124 bytes)
Event: 2.431 Thread 0x0000000018001800 nmethod 1747 0x0000000003c0ead0 code [0x0000000003c0ec60, 0x0000000003c0f110]
Event: 2.431 Thread 0x0000000018001800 1748       3       com.android.dx.rop.code.SourcePosition::equals (46 bytes)
Event: 2.432 Thread 0x0000000018001800 nmethod 1748 0x0000000003c0f3d0 code [0x0000000003c0f560, 0x0000000003c0fa88]
Event: 2.434 Thread 0x0000000018001800 1749       3       com.android.dx.rop.type.Type::getComponentType (70 bytes)
Event: 2.435 Thread 0x0000000018001800 nmethod 1749 0x0000000003c0fb90 code [0x0000000003c0fda0, 0x0000000003c108c8]
Event: 2.436 Thread 0x0000000018001800 1751       3       com.android.dx.command.dexer.Main::access$1700 (4 bytes)

GC Heap History (4 events):
Event: 0.741 GC heap before
{Heap before GC invocations=1 (full 0):
 PSYoungGen      total 37888K, used 32768K [0x00000000eab00000, 0x00000000ed500000, 0x0000000100000000)
  eden space 32768K, 100% used [0x00000000eab00000,0x00000000ecb00000,0x00000000ecb00000)
  from space 5120K, 0% used [0x00000000ed000000,0x00000000ed000000,0x00000000ed500000)
  to   space 5120K, 0% used [0x00000000ecb00000,0x00000000ecb00000,0x00000000ed000000)
 ParOldGen       total 86016K, used 0K [0x00000000c0000000, 0x00000000c5400000, 0x00000000eab00000)
  object space 86016K, 0% used [0x00000000c0000000,0x00000000c0000000,0x00000000c5400000)
 Metaspace       used 5721K, capacity 6704K, committed 6784K, reserved 1056768K
  class space    used 581K, capacity 616K, committed 640K, reserved 1048576K
Event: 0.811 GC heap after
Heap after GC invocations=1 (full 0):
 PSYoungGen      total 37888K, used 4567K [0x00000000eab00000, 0x00000000ef500000, 0x0000000100000000)
  eden space 32768K, 0% used [0x00000000eab00000,0x00000000eab00000,0x00000000ecb00000)
  from space 5120K, 89% used [0x00000000ecb00000,0x00000000ecf75dc0,0x00000000ed000000)
  to   space 5120K, 0% used [0x00000000ef000000,0x00000000ef000000,0x00000000ef500000)
 ParOldGen       total 86016K, used 8K [0x00000000c0000000, 0x00000000c5400000, 0x00000000eab00000)
  object space 86016K, 0% used [0x00000000c0000000,0x00000000c0002000,0x00000000c5400000)
 Metaspace       used 5721K, capacity 6704K, committed 6784K, reserved 1056768K
  class space    used 581K, capacity 616K, committed 640K, reserved 1048576K
}
Event: 1.622 GC heap before
{Heap before GC invocations=2 (full 0):
 PSYoungGen      total 37888K, used 37335K [0x00000000eab00000, 0x00000000ef500000, 0x0000000100000000)
  eden space 32768K, 100% used [0x00000000eab00000,0x00000000ecb00000,0x00000000ecb00000)
  from space 5120K, 89% used [0x00000000ecb00000,0x00000000ecf75dc0,0x00000000ed000000)
  to   space 5120K, 0% used [0x00000000ef000000,0x00000000ef000000,0x00000000ef500000)
 ParOldGen       total 86016K, used 8K [0x00000000c0000000, 0x00000000c5400000, 0x00000000eab00000)
  object space 86016K, 0% used [0x00000000c0000000,0x00000000c0002000,0x00000000c5400000)
 Metaspace       used 6138K, capacity 7024K, committed 7296K, reserved 1056768K
  class space    used 582K, capacity 616K, committed 640K, reserved 1048576K
Event: 1.711 GC heap after
Heap after GC invocations=2 (full 0):
 PSYoungGen      total 70656K, used 5119K [0x00000000eab00000, 0x00000000ef500000, 0x0000000100000000)
  eden space 65536K, 0% used [0x00000000eab00000,0x00000000eab00000,0x00000000eeb00000)
  from space 5120K, 99% used [0x00000000ef000000,0x00000000ef4ffc88,0x00000000ef500000)
  to   space 5120K, 0% used [0x00000000eeb00000,0x00000000eeb00000,0x00000000ef000000)
 ParOldGen       total 86016K, used 2985K [0x00000000c0000000, 0x00000000c5400000, 0x00000000eab00000)
  object space 86016K, 3% used [0x00000000c0000000,0x00000000c02ea4a0,0x00000000c5400000)
 Metaspace       used 6138K, capacity 7024K, committed 7296K, reserved 1056768K
  class space    used 582K, capacity 616K, committed 640K, reserved 1048576K
}

Deoptimization events (10 events):
Event: 1.277 Thread 0x0000000003420800 Uncommon trap: reason=unstable_if action=reinterpret pc=0x00000000037fc4ec method=com.android.dx.rop.code.RegisterSpecSet.put(Lcom/android/dx/rop/code/RegisterSpec;)V @ 77
Event: 1.278 Thread 0x0000000003420800 Uncommon trap: reason=unstable_if action=reinterpret pc=0x00000000038557ac method=com.android.dx.rop.code.RegisterSpecSet.put(Lcom/android/dx/rop/code/RegisterSpec;)V @ 77
Event: 1.937 Thread 0x00000000182af000 Uncommon trap: reason=bimorphic action=maybe_recompile pc=0x0000000003947dbc method=com.android.dx.cf.code.BytecodeArray.parseInstruction(ILcom/android/dx/cf/code/BytecodeArray$Visitor;)I @ 2484
Event: 1.937 Thread 0x00000000182af000 Uncommon trap: reason=bimorphic action=maybe_recompile pc=0x0000000003947dbc method=com.android.dx.cf.code.BytecodeArray.parseInstruction(ILcom/android/dx/cf/code/BytecodeArray$Visitor;)I @ 2484
Event: 2.245 Thread 0x00000000182f3800 Uncommon trap: reason=bimorphic action=maybe_recompile pc=0x0000000003947ad0 method=com.android.dx.cf.code.BytecodeArray.parseInstruction(ILcom/android/dx/cf/code/BytecodeArray$Visitor;)I @ 2281
Event: 2.246 Thread 0x00000000182f3800 Uncommon trap: reason=bimorphic action=maybe_recompile pc=0x0000000003947ad0 method=com.android.dx.cf.code.BytecodeArray.parseInstruction(ILcom/android/dx/cf/code/BytecodeArray$Visitor;)I @ 2281
Event: 2.405 Thread 0x00000000182f3800 Uncommon trap: reason=bimorphic action=maybe_recompile pc=0x00000000037edde4 method=java.util.HashMap.getNode(ILjava/lang/Object;)Ljava/util/HashMap$Node; @ 126
Event: 2.405 Thread 0x00000000182f3800 Uncommon trap: reason=bimorphic action=maybe_recompile pc=0x000000000377f490 method=java.util.HashMap.getNode(ILjava/lang/Object;)Ljava/util/HashMap$Node; @ 126
Event: 2.408 Thread 0x00000000182f3800 Uncommon trap: reason=bimorphic action=maybe_recompile pc=0x00000000037edde4 method=java.util.HashMap.getNode(ILjava/lang/Object;)Ljava/util/HashMap$Node; @ 126
Event: 2.428 Thread 0x00000000182ae000 Uncommon trap: reason=unstable_if action=reinterpret pc=0x000000000382dbbc method=com.android.dx.util.IntList.binarysearch(I)I @ 105

Internal exceptions (3 events):
Event: 0.107 Thread 0x0000000003420800 Exception <a 'java/lang/NoSuchMethodError': Method sun.misc.Unsafe.defineClass(Ljava/lang/String;[BII)Ljava/lang/Class; name or signature does not match> (0x00000000eab07cc0) thrown at [C:\src\android\AOSP-openjdk\external\jetbrains\jdk\hotspot\src\share\v@pi0Bb»?
Event: 0.107 Thread 0x0000000003420800 Exception <a 'java/lang/NoSuchMethodError': Method sun.misc.Unsafe.prefetchRead(Ljava/lang/Object;J)V name or signature does not match> (0x00000000eab07fa8) thrown at [C:\src\android\AOSP-openjdk\external\jetbrains\jdk\hotspot\src\share\vm\prims\jni.cpp, l±)’Åœð?
Event: 1.038 Thread 0x00000000182af000 Implicit null exception at 0x00000000037ffef0 to 0x00000000038022c5

Events (10 events):
Event: 2.405 Thread 0x00000000182f3800 DEOPT PACKING pc=0x000000000377f490 sp=0x000000001957ea20
Event: 2.405 Thread 0x00000000182f3800 DEOPT UNPACKING pc=0x000000000356556a sp=0x000000001957e948 mode 2
Event: 2.406 Executing VM operation: ForceSafepoint
Event: 2.406 Executing VM operation: ForceSafepoint done
Event: 2.408 Thread 0x00000000182f3800 Uncommon trap: trap_request=0xffffffc6 fr.pc=0x00000000037edde4
Event: 2.408 Thread 0x00000000182f3800 DEOPT PACKING pc=0x00000000037edde4 sp=0x000000001957ea00
Event: 2.408 Thread 0x00000000182f3800 DEOPT UNPACKING pc=0x000000000356556a sp=0x000000001957e980 mode 2
Event: 2.428 Thread 0x00000000182ae000 Uncommon trap: trap_request=0xffffff65 fr.pc=0x000000000382dbbc
Event: 2.428 Thread 0x00000000182ae000 DEOPT PACKING pc=0x000000000382dbbc sp=0x000000001987e940
Event: 2.428 Thread 0x00000000182ae000 DEOPT UNPACKING pc=0x000000000356556a sp=0x000000001987e8b8 mode 2


Dynamic libraries:
0x00007ff74e470000 - 0x00007ff74e4a1000 	D:\IDE\Android Studio\jre\bin\java.exe
0x00007ffb50270000 - 0x00007ffb50441000 	C:\Windows\SYSTEM32\ntdll.dll
0x00007ffb4eed0000 - 0x00007ffb4ef7b000 	C:\Windows\System32\KERNEL32.DLL
0x00007ffb4d240000 - 0x00007ffb4d45d000 	C:\Windows\System32\KERNELBASE.dll
0x00007ffb4f6c0000 - 0x00007ffb4f762000 	C:\Windows\System32\ADVAPI32.dll
0x00007ffb501d0000 - 0x00007ffb5026e000 	C:\Windows\System32\msvcrt.dll
0x00007ffb4f5a0000 - 0x00007ffb4f5f9000 	C:\Windows\System32\sechost.dll
0x00007ffb4ff60000 - 0x00007ffb50081000 	C:\Windows\System32\RPCRT4.dll
0x00007ffb4f430000 - 0x00007ffb4f595000 	C:\Windows\System32\USER32.dll
0x00007ffb4d560000 - 0x00007ffb4d57e000 	C:\Windows\System32\win32u.dll
0x00007ffb4fe80000 - 0x00007ffb4feb4000 	C:\Windows\System32\GDI32.dll
0x00007ffb4d0b0000 - 0x00007ffb4d232000 	C:\Windows\System32\gdi32full.dll
0x00007ffb45710000 - 0x00007ffb4598a000 	C:\Windows\WinSxS\amd64_microsoft.windows.common-controls_6595b64144ccf1df_6.0.14393.351_none_4213128bc687e6d3\COMCTL32.dll
0x00007ffb4f8a0000 - 0x00007ffb4fb67000 	C:\Windows\System32\combase.dll
0x00007ffb4d460000 - 0x00007ffb4d555000 	C:\Windows\System32\ucrtbase.dll
0x00007ffb4d040000 - 0x00007ffb4d0aa000 	C:\Windows\System32\bcryptPrimitives.dll
0x00007ffb4f870000 - 0x00007ffb4f89e000 	C:\Windows\System32\IMM32.DLL
0x0000000050810000 - 0x00000000508e2000 	D:\IDE\Android Studio\jre\jre\bin\msvcr100.dll
0x00000000767e0000 - 0x0000000077014000 	D:\IDE\Android Studio\jre\jre\bin\server\jvm.dll
0x00007ffb4fcd0000 - 0x00007ffb4fcd8000 	C:\Windows\System32\PSAPI.DLL
0x00007ffb41e10000 - 0x00007ffb41e19000 	C:\Windows\SYSTEM32\WSOCK32.dll
0x00007ffb50150000 - 0x00007ffb501ba000 	C:\Windows\System32\WS2_32.dll
0x00007ffb43080000 - 0x00007ffb430a3000 	C:\Windows\SYSTEM32\WINMM.dll
0x00007ffb40100000 - 0x00007ffb4010a000 	C:\Windows\SYSTEM32\VERSION.dll
0x00007ffb42d80000 - 0x00007ffb42dab000 	C:\Windows\SYSTEM32\WINMMBASE.dll
0x00007ffb4c910000 - 0x00007ffb4c952000 	C:\Windows\System32\cfgmgr32.dll
0x00007ffb493b0000 - 0x00007ffb493bf000 	D:\IDE\Android Studio\jre\jre\bin\verify.dll
0x00007ffb417a0000 - 0x00007ffb417c9000 	D:\IDE\Android Studio\jre\jre\bin\java.dll
0x00007ffb45b20000 - 0x00007ffb45b36000 	D:\IDE\Android Studio\jre\jre\bin\zip.dll
0x00007ffb4d9c0000 - 0x00007ffb4eec9000 	C:\Windows\System32\SHELL32.dll
0x00007ffb4c960000 - 0x00007ffb4d03a000 	C:\Windows\System32\windows.storage.dll
0x00007ffb4c6f0000 - 0x00007ffb4c73c000 	C:\Windows\System32\powrprof.dll
0x00007ffb500f0000 - 0x00007ffb50142000 	C:\Windows\System32\shlwapi.dll
0x00007ffb4c750000 - 0x00007ffb4c75f000 	C:\Windows\System32\kernel.appcore.dll
0x00007ffb4c7c0000 - 0x00007ffb4c869000 	C:\Windows\System32\shcore.dll
0x00007ffb4c6d0000 - 0x00007ffb4c6e4000 	C:\Windows\System32\profapi.dll

VM Arguments:
jvm_args: -Djava.awt.headless=true -Xmx1024M -Dfile.encoding=GBK -Duser.country=CN -Duser.language=zh -Duser.variant 
java_command: com.android.dx.command.Main --dex --force-jumbo --num-threads=4 --multi-dex --output D:\StudioWorkSpace\openXu\OXAndroid\app\build\intermediates\transforms\dex\debug\folders\1000\10\guava-18.0_eb55c8db9a038a177871f2a220d1151c4ee43ae6 D:\IDE\Android Studio\gradle\m2repository\com\google\guava\guava\18.0\guava-18.0.jar
java_class_path (initial): D:\IDE\sdk\build-tools\25.0.1\lib\dx.jar
Launcher Type: SUN_STANDARD

Environment Variables:
PATH=C:\ProgramData\Oracle\Java\javapath;C:\Program Files (x86)\Intel\iCLS Client\;C:\Program Files\Intel\iCLS Client\;C:\Windows\system32;C:\Windows;C:\Windows\System32\Wbem;C:\Windows\System32\WindowsPowerShell\v1.0\;C:\Program Files (x86)\Intel\Intel(R) Management Engine Components\DAL;C:\Program Files\Intel\Intel(R) Management Engine Components\DAL;C:\Program Files (x86)\Intel\Intel(R) Management Engine Components\IPT;C:\Program Files\Intel\Intel(R) Management Engine Components\IPT;C:\Program Files\Intel\WiFi\bin\;C:\Program Files\Common Files\Intel\WirelessCommon\;C:\Program Files (x86)\NVIDIA Corporation\PhysX\Common;C:\Program Files\Java\jdk1.8.0_40\bin;D:\IDE\sdk;D:\IDE\sdk\platform-tools;D:\Program Files\TortoiseSVN\bin;C:\Users\openXu\AppData\Local\Microsoft\WindowsApps;
USERNAME=openXu
OS=Windows_NT
PROCESSOR_IDENTIFIER=Intel64 Family 6 Model 94 Stepping 3, GenuineIntel



---------------  S Y S T E M  ---------------

OS: Windows 10.0 , 64 bit Build 14393 (10.0.14393.0)

CPU:total 8 (4 cores per cpu, 2 threads per core) family 6 model 94 stepping 3, cmov, cx8, fxsr, mmx, sse, sse2, sse3, ssse3, sse4.1, sse4.2, popcnt, avx, avx2, aes, clmul, erms, rtm, 3dnowpref, lzcnt, ht, tsc, tscinvbit, bmi1, bmi2, adx

Memory: 4k page, physical 8247572k(376304k free), swap 22119952k(47440k free)

vm_info: OpenJDK 64-Bit Server VM (25.76-b03) for windows-amd64 JRE (1.8.0_76-release-b03), built on Jun 29 2016 19:09:20 by "ralucas" with MS VC++ 10.0 (VS2010)

time: Tue Mar 07 19:06:48 2017
elapsed time: 2 seconds (0d 0h 0m 2s)

