#
# There is insufficient memory for the Java Runtime Environment to continue.
# Native memory allocation (malloc) failed to allocate 446672 bytes for Chunk::new
# Possible reasons:
#   The system is out of physical RAM or swap space
#   In 32 bit mode, the process size limit was hit
# Possible solutions:
#   Reduce memory load on the system
#   Increase physical memory or swap space
#   Check if swap backing store is full
#   Use 64 bit Java on a 64 bit OS
#   Decrease Java heap size (-Xmx/-Xms)
#   Decrease number of Java threads
#   Decrease Java thread stack sizes (-Xss)
#   Set larger code cache with -XX:ReservedCodeCacheSize=
# This output file may be truncated or incomplete.
#
#  Out of Memory Error (allocation.cpp:390), pid=802228, tid=0x00000000000c4068
#
# JRE version: OpenJDK Runtime Environment (8.0_76-b03) (build 1.8.0_76-release-b03)
# Java VM: OpenJDK 64-Bit Server VM (25.76-b03 mixed mode windows-amd64 compressed oops)
# Failed to write core dump. Minidumps are not enabled by default on client versions of Windows
#

---------------  T H R E A D  ---------------

Current thread (0x0000000017b3b800):  JavaThread "C2 CompilerThread0" daemon [_thread_in_native, id=802920, stack(0x0000000018260000,0x0000000018360000)]

Stack: [0x0000000018260000,0x0000000018360000]
[error occurred during error reporting (printing stack bounds), id 0xc0000005]

Native frames: (J=compiled Java code, j=interpreted, Vv=VM code, C=native code)


Current CompileTask:
C2:  14156 2600       4       com.android.dx.dex.code.DalvCode::finishProcessingIfNecessary (69 bytes)


---------------  P R O C E S S  ---------------

Java Threads: ( => current thread )
  0x0000000018878800 JavaThread "pool-1-thread-1" [_thread_in_Java, id=799052, stack(0x000000001b500000,0x000000001b600000)]
  0x0000000017c0b000 JavaThread "Service Thread" daemon [_thread_blocked, id=803152, stack(0x0000000018660000,0x0000000018760000)]
  0x0000000017bc8800 JavaThread "C1 CompilerThread3" daemon [_thread_blocked, id=803376, stack(0x0000000018560000,0x0000000018660000)]
  0x0000000015c2e000 JavaThread "C2 CompilerThread2" daemon [_thread_in_native, id=693660, stack(0x0000000018460000,0x0000000018560000)]
  0x0000000015c2a000 JavaThread "C2 CompilerThread1" daemon [_thread_in_native, id=801816, stack(0x0000000018360000,0x0000000018460000)]
=>0x0000000017b3b800 JavaThread "C2 CompilerThread0" daemon [_thread_in_native, id=802920, stack(0x0000000018260000,0x0000000018360000)]
  0x0000000017b3a800 JavaThread "Attach Listener" daemon [_thread_blocked, id=803236, stack(0x0000000018160000,0x0000000018260000)]
  0x0000000017b88800 JavaThread "Signal Dispatcher" daemon [_thread_blocked, id=781020, stack(0x0000000018060000,0x0000000018160000)]
  0x0000000017b20800 JavaThread "Finalizer" daemon [_thread_blocked, id=802648, stack(0x0000000017f00000,0x0000000018000000)]
  0x00000000030f4000 JavaThread "Reference Handler" daemon [_thread_blocked, id=802500, stack(0x0000000017a00000,0x0000000017b00000)]
  0x0000000003000800 JavaThread "main" [_thread_blocked, id=147016, stack(0x0000000002eb0000,0x0000000002fb0000)]

Other Threads:
  0x0000000015c17000 VMThread [stack: 0x0000000017900000,0x0000000017a00000] [id=46916]
  0x0000000017c11000 WatcherThread [stack: 0x0000000018760000,0x0000000018860000] [id=803092]

VM state:not at safepoint (normal execution)

VM Mutex/Monitor currently owned by a thread: None

Heap:
 PSYoungGen      total 145408K, used 123040K [0x00000000eab00000, 0x00000000f4f00000, 0x0000000100000000)
  eden space 129024K, 82% used [0x00000000eab00000,0x00000000f1369628,0x00000000f2900000)
  from space 16384K, 98% used [0x00000000f3b00000,0x00000000f4abeca0,0x00000000f4b00000)
  to   space 18432K, 0% used [0x00000000f2900000,0x00000000f2900000,0x00000000f3b00000)
 ParOldGen       total 86016K, used 25798K [0x00000000c0000000, 0x00000000c5400000, 0x00000000eab00000)
  object space 86016K, 29% used [0x00000000c0000000,0x00000000c1931a70,0x00000000c5400000)
 Metaspace       used 7052K, capacity 7640K, committed 7936K, reserved 1056768K
  class space    used 640K, capacity 656K, committed 768K, reserved 1048576K

Card table byte_map: [0x00000000124c0000,0x00000000126d0000] byte_map_base: 0x0000000011ec0000

Marking Bits: (ParMarkBitMap*) 0x0000000076f99d00
 Begin Bits: [0x0000000013030000, 0x0000000014030000)
 End Bits:   [0x0000000014030000, 0x0000000015030000)

Polling page: 0x0000000000f10000

CodeCache: size=245760Kb used=12560Kb max_used=12560Kb free=233199Kb
 bounds [0x0000000003100000, 0x0000000003d50000, 0x0000000012100000]
 total_blobs=2959 nmethods=2687 adapters=185
 compilation: enabled

Compilation events (10 events):
Event: 14.135 Thread 0x0000000015c2a000 2527       4       com.android.dx.dex.code.LocalList$Entry::compareTo (63 bytes)
Event: 14.138 Thread 0x0000000015c2a000 nmethod 2527 0x0000000003d476d0 code [0x0000000003d47840, 0x0000000003d47b88]
Event: 14.138 Thread 0x0000000017bc8800 2755       3       sun.misc.FDBigInteger::mult (64 bytes)
Event: 14.138 Thread 0x0000000017bc8800 nmethod 2755 0x0000000003d47010 code [0x0000000003d47180, 0x0000000003d47410]
Event: 14.138 Thread 0x0000000017bc8800 2756       3       sun.misc.FDBigInteger::<init> (30 bytes)
Event: 14.138 Thread 0x0000000017bc8800 nmethod 2756 0x0000000003d46b90 code [0x0000000003d46d00, 0x0000000003d46f08]
Event: 14.138 Thread 0x0000000017bc8800 2757       3       sun.misc.FDBigInteger::trimLeadingZeros (57 bytes)
Event: 14.139 Thread 0x0000000017bc8800 nmethod 2757 0x0000000003d4a810 code [0x0000000003d4a980, 0x0000000003d4acb0]
Event: 14.140 Thread 0x0000000017bc8800 2758       3       sun.misc.FDBigInteger::mult (44 bytes)
Event: 14.140 Thread 0x0000000017bc8800 nmethod 2758 0x0000000003d4a250 code [0x0000000003d4a3e0, 0x0000000003d4a6f8]

GC Heap History (10 events):
Event: 5.320 GC heap before
{Heap before GC invocations=2 (full 0):
 PSYoungGen      total 37888K, used 37857K [0x00000000eab00000, 0x00000000ed500000, 0x0000000100000000)
  eden space 32768K, 100% used [0x00000000eab00000,0x00000000ecb00000,0x00000000ecb00000)
  from space 5120K, 99% used [0x00000000ecb00000,0x00000000ecff8480,0x00000000ed000000)
  to   space 5120K, 0% used [0x00000000ed000000,0x00000000ed000000,0x00000000ed500000)
 ParOldGen       total 86016K, used 1239K [0x00000000c0000000, 0x00000000c5400000, 0x00000000eab00000)
  object space 86016K, 1% used [0x00000000c0000000,0x00000000c0135fd0,0x00000000c5400000)
 Metaspace       used 5998K, capacity 7024K, committed 7296K, reserved 1056768K
  class space    used 569K, capacity 616K, committed 640K, reserved 1048576K
Event: 6.326 GC heap after
Heap after GC invocations=2 (full 0):
 PSYoungGen      total 37888K, used 5103K [0x00000000eab00000, 0x00000000ef500000, 0x0000000100000000)
  eden space 32768K, 0% used [0x00000000eab00000,0x00000000eab00000,0x00000000ecb00000)
  from space 5120K, 99% used [0x00000000ed000000,0x00000000ed4fbf50,0x00000000ed500000)
  to   space 5120K, 0% used [0x00000000ecb00000,0x00000000ecb00000,0x00000000ed000000)
 ParOldGen       total 86016K, used 5544K [0x00000000c0000000, 0x00000000c5400000, 0x00000000eab00000)
  object space 86016K, 6% used [0x00000000c0000000,0x00000000c056a350,0x00000000c5400000)
 Metaspace       used 5998K, capacity 7024K, committed 7296K, reserved 1056768K
  class space    used 569K, capacity 616K, committed 640K, reserved 1048576K
}
Event: 8.681 GC heap before
{Heap before GC invocations=3 (full 0):
 PSYoungGen      total 37888K, used 37871K [0x00000000eab00000, 0x00000000ef500000, 0x0000000100000000)
  eden space 32768K, 100% used [0x00000000eab00000,0x00000000ecb00000,0x00000000ecb00000)
  from space 5120K, 99% used [0x00000000ed000000,0x00000000ed4fbf50,0x00000000ed500000)
  to   space 5120K, 0% used [0x00000000ecb00000,0x00000000ecb00000,0x00000000ed000000)
 ParOldGen       total 86016K, used 5544K [0x00000000c0000000, 0x00000000c5400000, 0x00000000eab00000)
  object space 86016K, 6% used [0x00000000c0000000,0x00000000c056a350,0x00000000c5400000)
 Metaspace       used 6071K, capacity 7088K, committed 7296K, reserved 1056768K
  class space    used 569K, capacity 616K, committed 640K, reserved 1048576K
Event: 9.413 GC heap after
Heap after GC invocations=3 (full 0):
 PSYoungGen      total 37888K, used 5094K [0x00000000eab00000, 0x00000000ef500000, 0x0000000100000000)
  eden space 32768K, 0% used [0x00000000eab00000,0x00000000eab00000,0x00000000ecb00000)
  from space 5120K, 99% used [0x00000000ecb00000,0x00000000ecff9938,0x00000000ed000000)
  to   space 5120K, 0% used [0x00000000ef000000,0x00000000ef000000,0x00000000ef500000)
 ParOldGen       total 86016K, used 9854K [0x00000000c0000000, 0x00000000c5400000, 0x00000000eab00000)
  object space 86016K, 11% used [0x00000000c0000000,0x00000000c099f980,0x00000000c5400000)
 Metaspace       used 6071K, capacity 7088K, committed 7296K, reserved 1056768K
  class space    used 569K, capacity 616K, committed 640K, reserved 1048576K
}
Event: 11.301 GC heap before
{Heap before GC invocations=4 (full 0):
 PSYoungGen      total 37888K, used 37862K [0x00000000eab00000, 0x00000000ef500000, 0x0000000100000000)
  eden space 32768K, 100% used [0x00000000eab00000,0x00000000ecb00000,0x00000000ecb00000)
  from space 5120K, 99% used [0x00000000ecb00000,0x00000000ecff9938,0x00000000ed000000)
  to   space 5120K, 0% used [0x00000000ef000000,0x00000000ef000000,0x00000000ef500000)
 ParOldGen       total 86016K, used 9854K [0x00000000c0000000, 0x00000000c5400000, 0x00000000eab00000)
  object space 86016K, 11% used [0x00000000c0000000,0x00000000c099f980,0x00000000c5400000)
 Metaspace       used 6136K, capacity 7152K, committed 7296K, reserved 1056768K
  class space    used 569K, capacity 616K, committed 640K, reserved 1048576K
Event: 11.419 GC heap after
Heap after GC invocations=4 (full 0):
 PSYoungGen      total 70656K, used 5108K [0x00000000eab00000, 0x00000000ef500000, 0x0000000100000000)
  eden space 65536K, 0% used [0x00000000eab00000,0x00000000eab00000,0x00000000eeb00000)
  from space 5120K, 99% used [0x00000000ef000000,0x00000000ef4fd168,0x00000000ef500000)
  to   space 5120K, 0% used [0x00000000eeb00000,0x00000000eeb00000,0x00000000ef000000)
 ParOldGen       total 86016K, used 15710K [0x00000000c0000000, 0x00000000c5400000, 0x00000000eab00000)
  object space 86016K, 18% used [0x00000000c0000000,0x00000000c0f57830,0x00000000c5400000)
 Metaspace       used 6136K, capacity 7152K, committed 7296K, reserved 1056768K
  class space    used 569K, capacity 616K, committed 640K, reserved 1048576K
}
Event: 12.386 GC heap before
{Heap before GC invocations=5 (full 0):
 PSYoungGen      total 70656K, used 70644K [0x00000000eab00000, 0x00000000ef500000, 0x0000000100000000)
  eden space 65536K, 100% used [0x00000000eab00000,0x00000000eeb00000,0x00000000eeb00000)
  from space 5120K, 99% used [0x00000000ef000000,0x00000000ef4fd168,0x00000000ef500000)
  to   space 5120K, 0% used [0x00000000eeb00000,0x00000000eeb00000,0x00000000ef000000)
 ParOldGen       total 86016K, used 15710K [0x00000000c0000000, 0x00000000c5400000, 0x00000000eab00000)
  object space 86016K, 18% used [0x00000000c0000000,0x00000000c0f57830,0x00000000c5400000)
 Metaspace       used 6248K, capacity 7152K, committed 7296K, reserved 1056768K
  class space    used 588K, capacity 616K, committed 640K, reserved 1048576K
Event: 12.425 GC heap after
Heap after GC invocations=5 (full 0):
 PSYoungGen      total 70656K, used 5095K [0x00000000eab00000, 0x00000000f4b00000, 0x0000000100000000)
  eden space 65536K, 0% used [0x00000000eab00000,0x00000000eab00000,0x00000000eeb00000)
  from space 5120K, 99% used [0x00000000eeb00000,0x00000000eeff9ef0,0x00000000ef000000)
  to   space 16384K, 0% used [0x00000000f3b00000,0x00000000f3b00000,0x00000000f4b00000)
 ParOldGen       total 86016K, used 25798K [0x00000000c0000000, 0x00000000c5400000, 0x00000000eab00000)
  object space 86016K, 29% used [0x00000000c0000000,0x00000000c1931a70,0x00000000c5400000)
 Metaspace       used 6248K, capacity 7152K, committed 7296K, reserved 1056768K
  class space    used 588K, capacity 616K, committed 640K, reserved 1048576K
}
Event: 12.756 GC heap before
{Heap before GC invocations=6 (full 0):
 PSYoungGen      total 70656K, used 70631K [0x00000000eab00000, 0x00000000f4b00000, 0x0000000100000000)
  eden space 65536K, 100% used [0x00000000eab00000,0x00000000eeb00000,0x00000000eeb00000)
  from space 5120K, 99% used [0x00000000eeb00000,0x00000000eeff9ef0,0x00000000ef000000)
  to   space 16384K, 0% used [0x00000000f3b00000,0x00000000f3b00000,0x00000000f4b00000)
 ParOldGen       total 86016K, used 25798K [0x00000000c0000000, 0x00000000c5400000, 0x00000000eab00000)
  object space 86016K, 29% used [0x00000000c0000000,0x00000000c1931a70,0x00000000c5400000)
 Metaspace       used 6298K, capacity 7152K, committed 7296K, reserved 1056768K
  class space    used 588K, capacity 616K, committed 640K, reserved 1048576K
Event: 12.779 GC heap after
Heap after GC invocations=6 (full 0):
 PSYoungGen      total 145408K, used 16123K [0x00000000eab00000, 0x00000000f4f00000, 0x0000000100000000)
  eden space 129024K, 0% used [0x00000000eab00000,0x00000000eab00000,0x00000000f2900000)
  from space 16384K, 98% used [0x00000000f3b00000,0x00000000f4abeca0,0x00000000f4b00000)
  to   space 18432K, 0% used [0x00000000f2900000,0x00000000f2900000,0x00000000f3b00000)
 ParOldGen       total 86016K, used 25798K [0x00000000c0000000, 0x00000000c5400000, 0x00000000eab00000)
  object space 86016K, 29% used [0x00000000c0000000,0x00000000c1931a70,0x00000000c5400000)
 Metaspace       used 6298K, capacity 7152K, committed 7296K, reserved 1056768K
  class space    used 588K, capacity 616K, committed 640K, reserved 1048576K
}

Deoptimization events (10 events):
Event: 13.391 Thread 0x0000000018878800 Uncommon trap: reason=speculate_class_check action=maybe_recompile pc=0x00000000034444c0 method=com.android.dx.util.FixedSizeList.equals(Ljava/lang/Object;)Z @ 25
Event: 13.400 Thread 0x0000000018878800 Uncommon trap: reason=unstable_if action=reinterpret pc=0x0000000003b7d48c method=com.android.dx.dex.code.OutputFinisher.findOpcodeForInsn(Lcom/android/dx/dex/code/DalvInsn;Lcom/android/dx/dex/code/Dop;)Lcom/android/dx/dex/code/Dop; @ 1
Event: 13.453 Thread 0x0000000018878800 Uncommon trap: reason=unstable_if action=reinterpret pc=0x000000000390f360 method=java.util.TreeMap.put(Ljava/lang/Object;Ljava/lang/Object;)Ljava/lang/Object; @ 163
Event: 13.474 Thread 0x0000000018878800 Uncommon trap: reason=unstable_if action=reinterpret pc=0x0000000003b8ed4c method=com.android.dx.rop.code.RegisterSpec.matchesVariable(Lcom/android/dx/rop/code/RegisterSpec;)Z @ 59
Event: 13.928 Thread 0x0000000018878800 Uncommon trap: reason=unstable_if action=reinterpret pc=0x0000000003bad3a4 method=java.util.ArrayList.<init>(I)V @ 5
Event: 13.977 Thread 0x0000000018878800 Uncommon trap: reason=unstable_if action=reinterpret pc=0x00000000035d8b7c method=java.lang.Long.numberOfTrailingZeros(J)I @ 3
Event: 13.997 Thread 0x0000000018878800 Uncommon trap: reason=unstable_if action=reinterpret pc=0x0000000003c6b004 method=com.android.dx.util.ByteArrayAnnotatedOutput.writeByte(I)V @ 13
Event: 14.110 Thread 0x0000000018878800 Uncommon trap: reason=unstable_if action=reinterpret pc=0x0000000003ca6738 method=com.android.dx.util.ByteArrayAnnotatedOutput.writeUleb128(I)I @ 4
Event: 14.110 Thread 0x0000000018878800 Uncommon trap: reason=unstable_if action=reinterpret pc=0x0000000003c8aa48 method=com.android.dx.util.ByteArrayAnnotatedOutput.writeByte(I)V @ 13
Event: 14.141 Thread 0x0000000018878800 Uncommon trap: reason=unstable_if action=reinterpret pc=0x00000000033bd26c method=java.util.Arrays.copyOf([Ljava/lang/Object;ILjava/lang/Class;)[Ljava/lang/Object; @ 3

Internal exceptions (6 events):
Event: 0.329 Thread 0x0000000003000800 Exception <a 'java/lang/NoSuchMethodError': Method sun.misc.Unsafe.defineClass(Ljava/lang/String;[BII)Ljava/lang/Class; name or signature does not match> (0x00000000eab07cc0) thrown at [C:\src\android\AOSP-openjdk\external\jetbrains\jdk\hotspot\src\share\vähT"ºÕ?
Event: 0.329 Thread 0x0000000003000800 Exception <a 'java/lang/NoSuchMethodError': Method sun.misc.Unsafe.prefetchRead(Ljava/lang/Object;J)V name or signature does not match> (0x00000000eab07fa8) thrown at [C:\src\android\AOSP-openjdk\external\jetbrains\jdk\hotspot\src\share\vm\prims\jni.cpp, lã•Œ@
Event: 4.887 Thread 0x0000000018881800 Implicit null exception at 0x00000000035b59da to 0x00000000035b6f91
Event: 12.349 Thread 0x00000000188df000 Exception <a 'java/lang/ArrayIndexOutOfBoundsException': 18> (0x00000000ee742eb0) thrown at [C:\src\android\AOSP-openjdk\external\jetbrains\jdk\hotspot\src\share\vm\interpreter\interpreterRuntime.cpp, line 366]
Event: 12.350 Thread 0x00000000188df000 Exception <a 'java/lang/ArrayIndexOutOfBoundsException'> (0x00000000ee744a30) thrown at [C:\src\android\AOSP-openjdk\external\jetbrains\jdk\hotspot\src\share\vm\runtime\sharedRuntime.cpp, line 605]
Event: 12.362 Thread 0x00000000188df000 Exception <a 'java/lang/ArrayIndexOutOfBoundsException'> (0x00000000ee745d18) thrown at [C:\src\android\AOSP-openjdk\external\jetbrains\jdk\hotspot\src\share\vm\runtime\sharedRuntime.cpp, line 605]

Events (10 events):
Event: 14.137 loading class sun/misc/FDBigInteger
Event: 14.137 loading class sun/misc/FDBigInteger done
Event: 14.140 loading class sun/security/jca/ProviderList$2
Event: 14.141 loading class sun/security/jca/ProviderList$2 done
Event: 14.141 Thread 0x0000000018878800 Uncommon trap: trap_request=0xffffff65 fr.pc=0x00000000033bd26c
Event: 14.141 Thread 0x0000000018878800 DEOPT PACKING pc=0x00000000033bd26c sp=0x000000001b5fd430
Event: 14.141 Thread 0x0000000018878800 DEOPT UNPACKING pc=0x000000000314556a sp=0x000000001b5fd3e0 mode 2
Event: 14.141 loading class sun/security/jca/ProviderConfig$2
Event: 14.142 loading class sun/security/jca/ProviderConfig$2 done
Event: 14.142 loading class sun/security/provider/Sun


Dynamic libraries:
0x00007ff74e470000 - 0x00007ff74e4a1000 	D:\IDE\Android Studio\jre\bin\java.exe
0x00007ffb50270000 - 0x00007ffb50441000 	C:\Windows\SYSTEM32\ntdll.dll
0x00007ffb4eed0000 - 0x00007ffb4ef7b000 	C:\Windows\System32\KERNEL32.DLL
0x00007ffb4d240000 - 0x00007ffb4d45d000 	C:\Windows\System32\KERNELBASE.dll
0x00007ffb4f6c0000 - 0x00007ffb4f762000 	C:\Windows\System32\ADVAPI32.dll
0x00007ffb501d0000 - 0x00007ffb5026e000 	C:\Windows\System32\msvcrt.dll
0x00007ffb4f5a0000 - 0x00007ffb4f5f9000 	C:\Windows\System32\sechost.dll
0x00007ffb4ff60000 - 0x00007ffb50081000 	C:\Windows\System32\RPCRT4.dll
0x00007ffb4f430000 - 0x00007ffb4f595000 	C:\Windows\System32\USER32.dll
0x00007ffb4d560000 - 0x00007ffb4d57e000 	C:\Windows\System32\win32u.dll
0x00007ffb4fe80000 - 0x00007ffb4feb4000 	C:\Windows\System32\GDI32.dll
0x00007ffb4d0b0000 - 0x00007ffb4d232000 	C:\Windows\System32\gdi32full.dll
0x00007ffb45710000 - 0x00007ffb4598a000 	C:\Windows\WinSxS\amd64_microsoft.windows.common-controls_6595b64144ccf1df_6.0.14393.351_none_4213128bc687e6d3\COMCTL32.dll
0x00007ffb4f8a0000 - 0x00007ffb4fb67000 	C:\Windows\System32\combase.dll
0x00007ffb4d460000 - 0x00007ffb4d555000 	C:\Windows\System32\ucrtbase.dll
0x00007ffb4d040000 - 0x00007ffb4d0aa000 	C:\Windows\System32\bcryptPrimitives.dll
0x00007ffb4f870000 - 0x00007ffb4f89e000 	C:\Windows\System32\IMM32.DLL
0x0000000050810000 - 0x00000000508e2000 	D:\IDE\Android Studio\jre\jre\bin\msvcr100.dll
0x00000000767e0000 - 0x0000000077014000 	D:\IDE\Android Studio\jre\jre\bin\server\jvm.dll
0x00007ffb4fcd0000 - 0x00007ffb4fcd8000 	C:\Windows\System32\PSAPI.DLL
0x00007ffb41e10000 - 0x00007ffb41e19000 	C:\Windows\SYSTEM32\WSOCK32.dll
0x00007ffb50150000 - 0x00007ffb501ba000 	C:\Windows\System32\WS2_32.dll
0x00007ffb43080000 - 0x00007ffb430a3000 	C:\Windows\SYSTEM32\WINMM.dll
0x00007ffb40100000 - 0x00007ffb4010a000 	C:\Windows\SYSTEM32\VERSION.dll
0x00000000013a0000 - 0x00000000013cb000 	C:\Windows\SYSTEM32\WINMMBASE.dll
0x00007ffb4c910000 - 0x00007ffb4c952000 	C:\Windows\System32\cfgmgr32.dll
0x00007ffb493b0000 - 0x00007ffb493bf000 	D:\IDE\Android Studio\jre\jre\bin\verify.dll
0x00007ffb417a0000 - 0x00007ffb417c9000 	D:\IDE\Android Studio\jre\jre\bin\java.dll
0x00007ffb45b20000 - 0x00007ffb45b36000 	D:\IDE\Android Studio\jre\jre\bin\zip.dll
0x00007ffb4d9c0000 - 0x00007ffb4eec9000 	C:\Windows\System32\SHELL32.dll
0x00007ffb4c960000 - 0x00007ffb4d03a000 	C:\Windows\System32\windows.storage.dll
0x00007ffb4c6f0000 - 0x00007ffb4c73c000 	C:\Windows\System32\powrprof.dll
0x00007ffb500f0000 - 0x00007ffb50142000 	C:\Windows\System32\shlwapi.dll
0x00007ffb4c750000 - 0x00007ffb4c75f000 	C:\Windows\System32\kernel.appcore.dll
0x00007ffb4c7c0000 - 0x00007ffb4c869000 	C:\Windows\System32\shcore.dll
0x00007ffb4c6d0000 - 0x00007ffb4c6e4000 	C:\Windows\System32\profapi.dll

VM Arguments:
jvm_args: -Djava.awt.headless=true -Xmx1024M -Dfile.encoding=GBK -Duser.country=CN -Duser.language=zh -Duser.variant 
java_command: com.android.dx.command.Main --dex --force-jumbo --num-threads=4 --multi-dex --output D:\StudioWorkSpace\openXu\OXAndroid\app\build\intermediates\transforms\dex\debug\folders\1000\10\com.android.support-appcompat-v7-25.0.1_c9ca1e5203030f3cda41f4c32caaa0f2a879e414 D:\StudioWorkSpace\openXu\OXAndroid\app\build\intermediates\exploded-aar\com.android.support\appcompat-v7\25.0.1\jars\classes.jar
java_class_path (initial): D:\IDE\sdk\build-tools\25.0.1\lib\dx.jar
Launcher Type: SUN_STANDARD

Environment Variables:
PATH=C:\ProgramData\Oracle\Java\javapath;C:\Program Files (x86)\Intel\iCLS Client\;C:\Program Files\Intel\iCLS Client\;C:\Windows\system32;C:\Windows;C:\Windows\System32\Wbem;C:\Windows\System32\WindowsPowerShell\v1.0\;C:\Program Files (x86)\Intel\Intel(R) Management Engine Components\DAL;C:\Program Files\Intel\Intel(R) Management Engine Components\DAL;C:\Program Files (x86)\Intel\Intel(R) Management Engine Components\IPT;C:\Program Files\Intel\Intel(R) Management Engine Components\IPT;C:\Program Files\Intel\WiFi\bin\;C:\Program Files\Common Files\Intel\WirelessCommon\;C:\Program Files (x86)\NVIDIA Corporation\PhysX\Common;C:\Program Files\Java\jdk1.8.0_40\bin;D:\IDE\sdk;D:\IDE\sdk\platform-tools;D:\Program Files\TortoiseSVN\bin;C:\Users\openXu\AppData\Local\Microsoft\WindowsApps;
USERNAME=openXu
OS=Windows_NT
PROCESSOR_IDENTIFIER=Intel64 Family 6 Model 94 Stepping 3, GenuineIntel



---------------  S Y S T E M  ---------------

OS: Windows 10.0 , 64 bit Build 14393 (10.0.14393.0)

CPU:total 8 (4 cores per cpu, 2 threads per core) family 6 model 94 stepping 3, cmov, cx8, fxsr, mmx, sse, sse2, sse3, ssse3, sse4.1, sse4.2, popcnt, avx, avx2, aes, clmul, erms, rtm, 3dnowpref, lzcnt, ht, tsc, tscinvbit, bmi1, bmi2, adx

Memory: 4k page, physical 8247572k(317628k free), swap 22119952k(5384k free)

vm_info: OpenJDK 64-Bit Server VM (25.76-b03) for windows-amd64 JRE (1.8.0_76-release-b03), built on Jun 29 2016 19:09:20 by "ralucas" with MS VC++ 10.0 (VS2010)

time: Tue Mar 07 19:06:45 2017
elapsed time: 14 seconds (0d 0h 0m 14s)

