#
# There is insufficient memory for the Java Runtime Environment to continue.
# Native memory allocation (malloc) failed to allocate 549776 bytes for Chunk::new
# Possible reasons:
#   The system is out of physical RAM or swap space
#   In 32 bit mode, the process size limit was hit
# Possible solutions:
#   Reduce memory load on the system
#   Increase physical memory or swap space
#   Check if swap backing store is full
#   Use 64 bit Java on a 64 bit OS
#   Decrease Java heap size (-Xmx/-Xms)
#   Decrease number of Java threads
#   Decrease Java thread stack sizes (-Xss)
#   Set larger code cache with -XX:ReservedCodeCacheSize=
# This output file may be truncated or incomplete.
#
#  Out of Memory Error (allocation.cpp:390), pid=801928, tid=0x00000000000c401c
#
# JRE version: OpenJDK Runtime Environment (8.0_76-b03) (build 1.8.0_76-release-b03)
# Java VM: OpenJDK 64-Bit Server VM (25.76-b03 mixed mode windows-amd64 compressed oops)
# Failed to write core dump. Minidumps are not enabled by default on client versions of Windows
#

---------------  T H R E A D  ---------------

Current thread (0x0000000017baf000):  JavaThread "C2 CompilerThread2" daemon [_thread_in_native, id=802844, stack(0x0000000018430000,0x0000000018530000)]

Stack: [0x0000000018430000,0x0000000018530000]
[error occurred during error reporting (printing stack bounds), id 0xc0000005]

Native frames: (J=compiled Java code, j=interpreted, Vv=VM code, C=native code)


Current CompileTask:
C2:   4448 1279       4       com.android.dx.ssa.SCCP::simulatePhi (169 bytes)


---------------  P R O C E S S  ---------------

Java Threads: ( => current thread )
  0x0000000017cdc000 JavaThread "pool-2-thread-4" [_thread_in_vm, id=3064, stack(0x0000000018c30000,0x0000000018d30000)]
  0x0000000017cdb800 JavaThread "pool-2-thread-3" [_thread_blocked, id=512392, stack(0x0000000018b30000,0x0000000018c30000)]
  0x0000000017cd4000 JavaThread "pool-2-thread-2" [_thread_in_vm, id=799056, stack(0x0000000018a30000,0x0000000018b30000)]
  0x0000000017ccc000 JavaThread "pool-3-thread-1" [_thread_blocked, id=87984, stack(0x0000000018930000,0x0000000018a30000)]
  0x0000000017ccb000 JavaThread "pool-2-thread-1" [_thread_blocked, id=5572, stack(0x0000000018830000,0x0000000018930000)]
  0x0000000017bb7000 JavaThread "Service Thread" daemon [_thread_blocked, id=88056, stack(0x0000000018630000,0x0000000018730000)]
  0x0000000017bb3000 JavaThread "C1 CompilerThread3" daemon [_thread_blocked, id=722208, stack(0x0000000018530000,0x0000000018630000)]
=>0x0000000017baf000 JavaThread "C2 CompilerThread2" daemon [_thread_in_native, id=802844, stack(0x0000000018430000,0x0000000018530000)]
  0x0000000017bab000 JavaThread "C2 CompilerThread1" daemon [_thread_in_native, id=803204, stack(0x0000000018330000,0x0000000018430000)]
  0x0000000017b0b800 JavaThread "C2 CompilerThread0" daemon [_thread_in_vm, id=802448, stack(0x0000000018230000,0x0000000018330000)]
  0x0000000017b0a800 JavaThread "Attach Listener" daemon [_thread_blocked, id=16132, stack(0x0000000018130000,0x0000000018230000)]
  0x0000000017b58800 JavaThread "Signal Dispatcher" daemon [_thread_blocked, id=802008, stack(0x0000000018030000,0x0000000018130000)]
  0x0000000017af0800 JavaThread "Finalizer" daemon [_thread_blocked, id=803596, stack(0x0000000017ed0000,0x0000000017fd0000)]
  0x00000000030d4000 JavaThread "Reference Handler" daemon [_thread_blocked, id=323632, stack(0x00000000179d0000,0x0000000017ad0000)]
  0x0000000002fe0800 JavaThread "main" [_thread_blocked, id=749176, stack(0x0000000002ee0000,0x0000000002fe0000)]

Other Threads:
  0x0000000015bf7000 VMThread [stack: 0x00000000178d0000,0x00000000179d0000] [id=261204]
  0x0000000017bb8000 WatcherThread [stack: 0x0000000018730000,0x0000000018830000] [id=324988]

VM state:not at safepoint (normal execution)

VM Mutex/Monitor currently owned by a thread:  ([mutex/lock_event])
[0x0000000002a6b8a0] Patching_lock - owner thread: 0x0000000017cdc000
[0x0000000002a6d580] CompiledIC_lock - owner thread: 0x0000000017cdc000
[0x0000000002a6db80] Compile_lock - owner thread: 0x0000000017b0b800
[0x0000000002a6e380] MethodCompileQueue_lock - owner thread: 0x0000000017b0b800

Heap:
 PSYoungGen      total 37888K, used 11213K [0x00000000eab00000, 0x00000000ed500000, 0x0000000100000000)
  eden space 32768K, 18% used [0x00000000eab00000,0x00000000eb0f6ae0,0x00000000ecb00000)
  from space 5120K, 99% used [0x00000000ecb00000,0x00000000ecffcad8,0x00000000ed000000)
  to   space 5120K, 0% used [0x00000000ed000000,0x00000000ed000000,0x00000000ed500000)
 ParOldGen       total 86016K, used 1802K [0x00000000c0000000, 0x00000000c5400000, 0x00000000eab00000)
  object space 86016K, 2% used [0x00000000c0000000,0x00000000c01c2858,0x00000000c5400000)
 Metaspace       used 5903K, capacity 6960K, committed 7040K, reserved 1056768K
  class space    used 568K, capacity 616K, committed 640K, reserved 1048576K

Card table byte_map: [0x00000000124a0000,0x00000000126b0000] byte_map_base: 0x0000000011ea0000

Marking Bits: (ParMarkBitMap*) 0x0000000076f99d00
 Begin Bits: [0x0000000013010000, 0x0000000014010000)
 End Bits:   [0x0000000014010000, 0x0000000015010000)

Polling page: 0x00000000029e0000

CodeCache: size=245760Kb used=5365Kb max_used=5375Kb free=240394Kb
 bounds [0x00000000030e0000, 0x0000000003630000, 0x00000000120e0000]
 total_blobs=1572 nmethods=1307 adapters=178
 compilation: enabled

Compilation events (10 events):
Event: 3.437 Thread 0x0000000017bb3000 1306       3       com.android.dx.dex.cf.AttributeTranslator::getAnnotations0 (62 bytes)
Event: 3.437 Thread 0x0000000017bb3000 nmethod 1306 0x000000000361b310 code [0x000000000361b520, 0x000000000361c258]
Event: 4.352 Thread 0x0000000017bab000 1302       4       com.android.dx.ssa.back.LivenessAnalyzer::run (231 bytes)
Event: 4.352 Thread 0x0000000017b0b800 1303       4       com.android.dx.ssa.MoveParamCombiner$1::visitNonMoveInsn (213 bytes)
Event: 4.354 Thread 0x0000000017b0b800 nmethod 1303 0x000000000361f550 code [0x000000000361f6a0, 0x000000000361f838]
Event: 4.354 Thread 0x0000000017b0b800 1294       4       com.android.dx.rop.code.ThrowingCstInsn::<init> (51 bytes)
Event: 4.356 Thread 0x0000000017b0b800 nmethod 1294 0x000000000361db50 code [0x000000000361dca0, 0x000000000361de58]
Event: 4.356 Thread 0x0000000017b0b800 1308       4       java.lang.StringBuilder::append (8 bytes)
Event: 4.361 Thread 0x0000000017b0b800 nmethod 1308 0x000000000361d250 code [0x000000000361d3a0, 0x000000000361d778]
Event: 4.361 Thread 0x0000000017b0b800 1318       4       com.android.dx.ssa.SsaRenamer$BlockRenamer::process (191 bytes)

GC Heap History (2 events):
Event: 3.444 GC heap before
{Heap before GC invocations=1 (full 0):
 PSYoungGen      total 37888K, used 32768K [0x00000000eab00000, 0x00000000ed500000, 0x0000000100000000)
  eden space 32768K, 100% used [0x00000000eab00000,0x00000000ecb00000,0x00000000ecb00000)
  from space 5120K, 0% used [0x00000000ed000000,0x00000000ed000000,0x00000000ed500000)
  to   space 5120K, 0% used [0x00000000ecb00000,0x00000000ecb00000,0x00000000ed000000)
 ParOldGen       total 86016K, used 0K [0x00000000c0000000, 0x00000000c5400000, 0x00000000eab00000)
  object space 86016K, 0% used [0x00000000c0000000,0x00000000c0000000,0x00000000c5400000)
 Metaspace       used 5900K, capacity 6960K, committed 7040K, reserved 1056768K
  class space    used 568K, capacity 616K, committed 640K, reserved 1048576K
Event: 4.302 GC heap after
Heap after GC invocations=1 (full 0):
 PSYoungGen      total 37888K, used 5106K [0x00000000eab00000, 0x00000000ed500000, 0x0000000100000000)
  eden space 32768K, 0% used [0x00000000eab00000,0x00000000eab00000,0x00000000ecb00000)
  from space 5120K, 99% used [0x00000000ecb00000,0x00000000ecffcad8,0x00000000ed000000)
  to   space 5120K, 0% used [0x00000000ed000000,0x00000000ed000000,0x00000000ed500000)
 ParOldGen       total 86016K, used 1802K [0x00000000c0000000, 0x00000000c5400000, 0x00000000eab00000)
  object space 86016K, 2% used [0x00000000c0000000,0x00000000c01c2858,0x00000000c5400000)
 Metaspace       used 5900K, capacity 6960K, committed 7040K, reserved 1056768K
  class space    used 568K, capacity 616K, committed 640K, reserved 1048576K
}

Deoptimization events (8 events):
Event: 1.606 Thread 0x0000000002fe0800 Uncommon trap: reason=unstable_if action=reinterpret pc=0x0000000003220450 method=java.lang.String.indexOf(II)I @ 49
Event: 2.424 Thread 0x0000000002fe0800 Uncommon trap: reason=unstable_if action=reinterpret pc=0x00000000032d69b0 method=java.util.BitSet.nextSetBit(I)I @ 87
Event: 2.446 Thread 0x0000000017cdc000 Uncommon trap: reason=null_check action=make_not_entrant pc=0x00000000033ad9d8 method=com.android.dx.ssa.SsaRenamer.getLocalForNewReg(I)Lcom/android/dx/rop/code/LocalItem; @ 19
Event: 2.446 Thread 0x0000000017cdc000 Uncommon trap: reason=null_check action=make_not_entrant pc=0x0000000003332e7c method=com.android.dx.ssa.SsaRenamer.getLocalForNewReg(I)Lcom/android/dx/rop/code/LocalItem; @ 19
Event: 2.736 Thread 0x0000000017cdc000 Uncommon trap: reason=unstable_if action=reinterpret pc=0x000000000336fb9c method=com.android.dx.rop.cst.Constant.compareTo(Lcom/android/dx/rop/cst/Constant;)I @ 12
Event: 3.049 Thread 0x0000000017ccb000 Uncommon trap: reason=bimorphic action=maybe_recompile pc=0x00000000032d8a5c method=java.util.HashMap.getNode(ILjava/lang/Object;)Ljava/util/HashMap$Node; @ 126
Event: 3.049 Thread 0x0000000017ccb000 Uncommon trap: reason=class_check action=maybe_recompile pc=0x000000000351e684 method=java.util.HashMap.putVal(ILjava/lang/Object;Ljava/lang/Object;ZZ)Ljava/lang/Object; @ 203
Event: 4.369 Thread 0x0000000017cdc000 Uncommon trap: reason=null_check action=make_not_entrant pc=0x0000000003312a28 method=com.android.dx.rop.type.Type.equals(Ljava/lang/Object;)Z @ 8

Internal exceptions (5 events):
Event: 0.328 Thread 0x0000000002fe0800 Exception <a 'java/lang/NoSuchMethodError': Method sun.misc.Unsafe.defineClass(Ljava/lang/String;[BII)Ljava/lang/Class; name or signature does not match> (0x00000000eab07cc0) thrown at [C:\src\android\AOSP-openjdk\external\jetbrains\jdk\hotspot\src\share\vvÄ£<Õ?
Event: 0.328 Thread 0x0000000002fe0800 Exception <a 'java/lang/NoSuchMethodError': Method sun.misc.Unsafe.prefetchRead(Ljava/lang/Object;J)V name or signature does not match> (0x00000000eab07fa8) thrown at [C:\src\android\AOSP-openjdk\external\jetbrains\jdk\hotspot\src\share\vm\prims\jni.cpp, lGƒ—…$‘@
Event: 2.446 Thread 0x0000000017cdc000 Implicit null exception at 0x00000000033ab44c to 0x00000000033ad991
Event: 2.446 Thread 0x0000000017cdc000 Implicit null exception at 0x0000000003330c80 to 0x0000000003332e59
Event: 4.369 Thread 0x0000000017cdc000 Implicit null exception at 0x0000000003312922 to 0x0000000003312a1a

Events (10 events):
Event: 3.049 Thread 0x0000000017ccb000 Uncommon trap: trap_request=0xffffffde fr.pc=0x000000000351e684
Event: 3.049 Thread 0x0000000017ccb000 DEOPT PACKING pc=0x000000000351e684 sp=0x000000001892eac0
Event: 3.049 Thread 0x0000000017ccb000 DEOPT UNPACKING pc=0x000000000312556a sp=0x000000001892ea48 mode 2
Event: 3.246 Executing VM operation: ForceSafepoint
Event: 3.315 Executing VM operation: ForceSafepoint done
Event: 3.444 Executing VM operation: ParallelGCFailedAllocation
Event: 4.302 Executing VM operation: ParallelGCFailedAllocation done
Event: 4.369 Thread 0x0000000017cdc000 Uncommon trap: trap_request=0xfffffff4 fr.pc=0x0000000003312a28
Event: 4.369 Thread 0x0000000017cdc000 DEOPT PACKING pc=0x0000000003312a28 sp=0x0000000018d2e6d0
Event: 4.369 Thread 0x0000000017cdc000 DEOPT UNPACKING pc=0x000000000312556a sp=0x0000000018d2e658 mode 2


Dynamic libraries:
0x00007ff74e470000 - 0x00007ff74e4a1000 	D:\IDE\Android Studio\jre\bin\java.exe
0x00007ffb50270000 - 0x00007ffb50441000 	C:\Windows\SYSTEM32\ntdll.dll
0x00007ffb4eed0000 - 0x00007ffb4ef7b000 	C:\Windows\System32\KERNEL32.DLL
0x00007ffb4d240000 - 0x00007ffb4d45d000 	C:\Windows\System32\KERNELBASE.dll
0x00007ffb4f6c0000 - 0x00007ffb4f762000 	C:\Windows\System32\ADVAPI32.dll
0x00007ffb501d0000 - 0x00007ffb5026e000 	C:\Windows\System32\msvcrt.dll
0x00007ffb4f5a0000 - 0x00007ffb4f5f9000 	C:\Windows\System32\sechost.dll
0x00007ffb4ff60000 - 0x00007ffb50081000 	C:\Windows\System32\RPCRT4.dll
0x00007ffb4f430000 - 0x00007ffb4f595000 	C:\Windows\System32\USER32.dll
0x00007ffb4d560000 - 0x00007ffb4d57e000 	C:\Windows\System32\win32u.dll
0x00007ffb4fe80000 - 0x00007ffb4feb4000 	C:\Windows\System32\GDI32.dll
0x00007ffb4d0b0000 - 0x00007ffb4d232000 	C:\Windows\System32\gdi32full.dll
0x00007ffb45710000 - 0x00007ffb4598a000 	C:\Windows\WinSxS\amd64_microsoft.windows.common-controls_6595b64144ccf1df_6.0.14393.351_none_4213128bc687e6d3\COMCTL32.dll
0x00007ffb4f8a0000 - 0x00007ffb4fb67000 	C:\Windows\System32\combase.dll
0x00007ffb4d460000 - 0x00007ffb4d555000 	C:\Windows\System32\ucrtbase.dll
0x00007ffb4d040000 - 0x00007ffb4d0aa000 	C:\Windows\System32\bcryptPrimitives.dll
0x00007ffb4f870000 - 0x00007ffb4f89e000 	C:\Windows\System32\IMM32.DLL
0x0000000050810000 - 0x00000000508e2000 	D:\IDE\Android Studio\jre\jre\bin\msvcr100.dll
0x00000000767e0000 - 0x0000000077014000 	D:\IDE\Android Studio\jre\jre\bin\server\jvm.dll
0x00007ffb4fcd0000 - 0x00007ffb4fcd8000 	C:\Windows\System32\PSAPI.DLL
0x00007ffb41e10000 - 0x00007ffb41e19000 	C:\Windows\SYSTEM32\WSOCK32.dll
0x00007ffb43080000 - 0x00007ffb430a3000 	C:\Windows\SYSTEM32\WINMM.dll
0x00007ffb50150000 - 0x00007ffb501ba000 	C:\Windows\System32\WS2_32.dll
0x00007ffb42d80000 - 0x00007ffb42dab000 	C:\Windows\SYSTEM32\WINMMBASE.dll
0x00007ffb40100000 - 0x00007ffb4010a000 	C:\Windows\SYSTEM32\VERSION.dll
0x00007ffb4c910000 - 0x00007ffb4c952000 	C:\Windows\System32\cfgmgr32.dll
0x00007ffb493b0000 - 0x00007ffb493bf000 	D:\IDE\Android Studio\jre\jre\bin\verify.dll
0x00007ffb417a0000 - 0x00007ffb417c9000 	D:\IDE\Android Studio\jre\jre\bin\java.dll
0x00007ffb45b20000 - 0x00007ffb45b36000 	D:\IDE\Android Studio\jre\jre\bin\zip.dll
0x00007ffb4d9c0000 - 0x00007ffb4eec9000 	C:\Windows\System32\SHELL32.dll
0x00007ffb4c960000 - 0x00007ffb4d03a000 	C:\Windows\System32\windows.storage.dll
0x00007ffb4c6f0000 - 0x00007ffb4c73c000 	C:\Windows\System32\powrprof.dll
0x00007ffb500f0000 - 0x00007ffb50142000 	C:\Windows\System32\shlwapi.dll
0x00007ffb4c750000 - 0x00007ffb4c75f000 	C:\Windows\System32\kernel.appcore.dll
0x00007ffb4c7c0000 - 0x00007ffb4c869000 	C:\Windows\System32\shcore.dll
0x00007ffb4c6d0000 - 0x00007ffb4c6e4000 	C:\Windows\System32\profapi.dll

VM Arguments:
jvm_args: -Djava.awt.headless=true -Xmx1024M -Dfile.encoding=GBK -Duser.country=CN -Duser.language=zh -Duser.variant 
java_command: com.android.dx.command.Main --dex --force-jumbo --num-threads=4 --multi-dex --output D:\StudioWorkSpace\openXu\OXAndroid\app\build\intermediates\transforms\dex\debug\folders\1000\10\com.android.support-support-core-utils-25.0.1_075b9bb65f924519f7a1fc3e4b4e223401908588 D:\StudioWorkSpace\openXu\OXAndroid\app\build\intermediates\exploded-aar\com.android.support\support-core-utils\25.0.1\jars\classes.jar
java_class_path (initial): D:\IDE\sdk\build-tools\25.0.1\lib\dx.jar
Launcher Type: SUN_STANDARD

Environment Variables:
PATH=C:\ProgramData\Oracle\Java\javapath;C:\Program Files (x86)\Intel\iCLS Client\;C:\Program Files\Intel\iCLS Client\;C:\Windows\system32;C:\Windows;C:\Windows\System32\Wbem;C:\Windows\System32\WindowsPowerShell\v1.0\;C:\Program Files (x86)\Intel\Intel(R) Management Engine Components\DAL;C:\Program Files\Intel\Intel(R) Management Engine Components\DAL;C:\Program Files (x86)\Intel\Intel(R) Management Engine Components\IPT;C:\Program Files\Intel\Intel(R) Management Engine Components\IPT;C:\Program Files\Intel\WiFi\bin\;C:\Program Files\Common Files\Intel\WirelessCommon\;C:\Program Files (x86)\NVIDIA Corporation\PhysX\Common;C:\Program Files\Java\jdk1.8.0_40\bin;D:\IDE\sdk;D:\IDE\sdk\platform-tools;D:\Program Files\TortoiseSVN\bin;C:\Users\openXu\AppData\Local\Microsoft\WindowsApps;
USERNAME=openXu
OS=Windows_NT
PROCESSOR_IDENTIFIER=Intel64 Family 6 Model 94 Stepping 3, GenuineIntel



---------------  S Y S T E M  ---------------

OS: Windows 10.0 , 64 bit Build 14393 (10.0.14393.0)

CPU:total 8 (4 cores per cpu, 2 threads per core) family 6 model 94 stepping 3, cmov, cx8, fxsr, mmx, sse, sse2, sse3, ssse3, sse4.1, sse4.2, popcnt, avx, avx2, aes, clmul, erms, rtm, 3dnowpref, lzcnt, ht, tsc, tscinvbit, bmi1, bmi2, adx

Memory: 4k page, physical 8247572k(184752k free), swap 22119952k(9744k free)

vm_info: OpenJDK 64-Bit Server VM (25.76-b03) for windows-amd64 JRE (1.8.0_76-release-b03), built on Jun 29 2016 19:09:20 by "ralucas" with MS VC++ 10.0 (VS2010)

time: Tue Mar 07 19:06:35 2017
elapsed time: 4 seconds (0d 0h 0m 4s)

