#
# There is insufficient memory for the Java Runtime Environment to continue.
# Native memory allocation (malloc) failed to allocate 575056 bytes for Chunk::new
# Possible reasons:
#   The system is out of physical RAM or swap space
#   In 32 bit mode, the process size limit was hit
# Possible solutions:
#   Reduce memory load on the system
#   Increase physical memory or swap space
#   Check if swap backing store is full
#   Use 64 bit Java on a 64 bit OS
#   Decrease Java heap size (-Xmx/-Xms)
#   Decrease number of Java threads
#   Decrease Java thread stack sizes (-Xss)
#   Set larger code cache with -XX:ReservedCodeCacheSize=
# This output file may be truncated or incomplete.
#
#  Out of Memory Error (allocation.cpp:390), pid=6996, tid=0x00000000000157b8
#
# JRE version: OpenJDK Runtime Environment (8.0_76-b03) (build 1.8.0_76-release-b03)
# Java VM: OpenJDK 64-Bit Server VM (25.76-b03 mixed mode windows-amd64 compressed oops)
# Failed to write core dump. Minidumps are not enabled by default on client versions of Windows
#

---------------  T H R E A D  ---------------

Current thread (0x0000000015acd800):  JavaThread "C2 CompilerThread1" daemon [_thread_in_native, id=87992, stack(0x00000000181e0000,0x00000000182e0000)]

Stack: [0x00000000181e0000,0x00000000182e0000]
[error occurred during error reporting (printing stack bounds), id 0xc0000005]

Native frames: (J=compiled Java code, j=interpreted, Vv=VM code, C=native code)


Current CompileTask:
C2:   4050 1464       4       com.android.dx.ssa.SCCP::simulatePhiBlock (50 bytes)


---------------  P R O C E S S  ---------------

Java Threads: ( => current thread )
  0x0000000017c71000 JavaThread "pool-2-thread-4" [_thread_blocked, id=765356, stack(0x0000000018ae0000,0x0000000018be0000)]
  0x0000000017ca8000 JavaThread "pool-2-thread-3" [_thread_blocked, id=625320, stack(0x00000000189e0000,0x0000000018ae0000)]
  0x0000000017c72800 JavaThread "pool-2-thread-2" [_thread_blocked, id=324804, stack(0x00000000188e0000,0x00000000189e0000)]
  0x0000000017b92800 JavaThread "pool-3-thread-1" [_thread_blocked, id=784788, stack(0x00000000187e0000,0x00000000188e0000)]
  0x0000000017b91800 JavaThread "pool-2-thread-1" [_thread_blocked, id=149800, stack(0x00000000186e0000,0x00000000187e0000)]
  0x0000000017a65800 JavaThread "Service Thread" daemon [_thread_blocked, id=645760, stack(0x00000000184e0000,0x00000000185e0000)]
  0x0000000017a3f000 JavaThread "C1 CompilerThread3" daemon [_thread_blocked, id=324956, stack(0x00000000183e0000,0x00000000184e0000)]
  0x0000000017a27800 JavaThread "C2 CompilerThread2" daemon [_thread_in_native, id=59732, stack(0x00000000182e0000,0x00000000183e0000)]
=>0x0000000015acd800 JavaThread "C2 CompilerThread1" daemon [_thread_in_native, id=87992, stack(0x00000000181e0000,0x00000000182e0000)]
  0x0000000015aca800 JavaThread "C2 CompilerThread0" daemon [_thread_in_native, id=803500, stack(0x00000000180e0000,0x00000000181e0000)]
  0x0000000017a07800 JavaThread "Attach Listener" daemon [_thread_blocked, id=729200, stack(0x0000000017fe0000,0x00000000180e0000)]
  0x00000000179bb000 JavaThread "Signal Dispatcher" daemon [_thread_blocked, id=15012, stack(0x0000000017ee0000,0x0000000017fe0000)]
  0x00000000179a0800 JavaThread "Finalizer" daemon [_thread_blocked, id=739244, stack(0x0000000017d80000,0x0000000017e80000)]
  0x0000000002f94000 JavaThread "Reference Handler" daemon [_thread_blocked, id=749404, stack(0x0000000017880000,0x0000000017980000)]
  0x0000000002ea0800 JavaThread "main" [_thread_in_Java, id=87880, stack(0x0000000002da0000,0x0000000002ea0000)]

Other Threads:
  0x0000000015ab7000 VMThread [stack: 0x0000000017780000,0x0000000017880000] [id=387964]
  0x0000000017a66800 WatcherThread [stack: 0x00000000185e0000,0x00000000186e0000] [id=324432]

VM state:not at safepoint (normal execution)

VM Mutex/Monitor currently owned by a thread: None

Heap:
 PSYoungGen      total 70656K, used 13794K [0x00000000eab00000, 0x00000000ef500000, 0x0000000100000000)
  eden space 65536K, 13% used [0x00000000eab00000,0x00000000eb37a850,0x00000000eeb00000)
  from space 5120K, 99% used [0x00000000ef000000,0x00000000ef4fe068,0x00000000ef500000)
  to   space 5120K, 0% used [0x00000000eeb00000,0x00000000eeb00000,0x00000000ef000000)
 ParOldGen       total 86016K, used 5999K [0x00000000c0000000, 0x00000000c5400000, 0x00000000eab00000)
  object space 86016K, 6% used [0x00000000c0000000,0x00000000c05dbcb0,0x00000000c5400000)
 Metaspace       used 6002K, capacity 7088K, committed 7296K, reserved 1056768K
  class space    used 568K, capacity 616K, committed 640K, reserved 1048576K

Card table byte_map: [0x0000000012360000,0x0000000012570000] byte_map_base: 0x0000000011d60000

Marking Bits: (ParMarkBitMap*) 0x0000000076f99d00
 Begin Bits: [0x0000000012ed0000, 0x0000000013ed0000)
 End Bits:   [0x0000000013ed0000, 0x0000000014ed0000)

Polling page: 0x0000000000ee0000

CodeCache: size=245760Kb used=6433Kb max_used=6446Kb free=239326Kb
 bounds [0x0000000002fa0000, 0x0000000003600000, 0x0000000011fa0000]
 total_blobs=1756 nmethods=1492 adapters=178
 compilation: enabled

Compilation events (10 events):
Event: 4.020 Thread 0x0000000017a3f000 1506       3       com.android.dx.ssa.LiteralOpUpgrader::isConstIntZeroOrKnownNull (34 bytes)
Event: 4.020 Thread 0x0000000017a3f000 nmethod 1506 0x00000000035e9b90 code [0x00000000035e9d20, 0x00000000035ea248]
Event: 4.021 Thread 0x0000000017a3f000 1508       3       com.android.dx.util.LabeledList::removeLabel (10 bytes)
Event: 4.021 Thread 0x0000000017a3f000 nmethod 1508 0x00000000035da1d0 code [0x00000000035da340, 0x00000000035da568]
Event: 4.022 Thread 0x0000000017a3f000 1509       3       com.android.dx.cf.code.OneLocalsArray::makeInitialized (55 bytes)
Event: 4.022 Thread 0x0000000017a3f000 nmethod 1509 0x00000000035ee090 code [0x00000000035ee240, 0x00000000035ee8f8]
Event: 4.023 Thread 0x0000000017a3f000 1510       3       com.android.dx.util.Hex::u2 (44 bytes)
Event: 4.024 Thread 0x0000000017a3f000 nmethod 1510 0x00000000035eec10 code [0x00000000035eedc0, 0x00000000035ef438]
Event: 4.028 Thread 0x0000000017a27800 nmethod 1469 0x00000000035f2b50 code [0x00000000035f2ce0, 0x00000000035f34f8]
Event: 4.028 Thread 0x0000000017a27800 1496       4       com.android.dx.ssa.DeadCodeRemover::isCircularNoSideEffect (140 bytes)

GC Heap History (4 events):
Event: 2.670 GC heap before
{Heap before GC invocations=1 (full 0):
 PSYoungGen      total 37888K, used 32768K [0x00000000eab00000, 0x00000000ed500000, 0x0000000100000000)
  eden space 32768K, 100% used [0x00000000eab00000,0x00000000ecb00000,0x00000000ecb00000)
  from space 5120K, 0% used [0x00000000ed000000,0x00000000ed000000,0x00000000ed500000)
  to   space 5120K, 0% used [0x00000000ecb00000,0x00000000ecb00000,0x00000000ed000000)
 ParOldGen       total 86016K, used 0K [0x00000000c0000000, 0x00000000c5400000, 0x00000000eab00000)
  object space 86016K, 0% used [0x00000000c0000000,0x00000000c0000000,0x00000000c5400000)
 Metaspace       used 5825K, capacity 6896K, committed 7040K, reserved 1056768K
  class space    used 568K, capacity 616K, committed 640K, reserved 1048576K
Event: 2.761 GC heap after
Heap after GC invocations=1 (full 0):
 PSYoungGen      total 37888K, used 5115K [0x00000000eab00000, 0x00000000ef500000, 0x0000000100000000)
  eden space 32768K, 0% used [0x00000000eab00000,0x00000000eab00000,0x00000000ecb00000)
  from space 5120K, 99% used [0x00000000ecb00000,0x00000000ecffeea8,0x00000000ed000000)
  to   space 5120K, 0% used [0x00000000ef000000,0x00000000ef000000,0x00000000ef500000)
 ParOldGen       total 86016K, used 2426K [0x00000000c0000000, 0x00000000c5400000, 0x00000000eab00000)
  object space 86016K, 2% used [0x00000000c0000000,0x00000000c025ea20,0x00000000c5400000)
 Metaspace       used 5825K, capacity 6896K, committed 7040K, reserved 1056768K
  class space    used 568K, capacity 616K, committed 640K, reserved 1048576K
}
Event: 3.937 GC heap before
{Heap before GC invocations=2 (full 0):
 PSYoungGen      total 37888K, used 37883K [0x00000000eab00000, 0x00000000ef500000, 0x0000000100000000)
  eden space 32768K, 100% used [0x00000000eab00000,0x00000000ecb00000,0x00000000ecb00000)
  from space 5120K, 99% used [0x00000000ecb00000,0x00000000ecffeea8,0x00000000ed000000)
  to   space 5120K, 0% used [0x00000000ef000000,0x00000000ef000000,0x00000000ef500000)
 ParOldGen       total 86016K, used 2426K [0x00000000c0000000, 0x00000000c5400000, 0x00000000eab00000)
  object space 86016K, 2% used [0x00000000c0000000,0x00000000c025ea20,0x00000000c5400000)
 Metaspace       used 5994K, capacity 7088K, committed 7296K, reserved 1056768K
  class space    used 568K, capacity 616K, committed 640K, reserved 1048576K
Event: 3.980 GC heap after
Heap after GC invocations=2 (full 0):
 PSYoungGen      total 70656K, used 5112K [0x00000000eab00000, 0x00000000ef500000, 0x0000000100000000)
  eden space 65536K, 0% used [0x00000000eab00000,0x00000000eab00000,0x00000000eeb00000)
  from space 5120K, 99% used [0x00000000ef000000,0x00000000ef4fe068,0x00000000ef500000)
  to   space 5120K, 0% used [0x00000000eeb00000,0x00000000eeb00000,0x00000000ef000000)
 ParOldGen       total 86016K, used 5999K [0x00000000c0000000, 0x00000000c5400000, 0x00000000eab00000)
  object space 86016K, 6% used [0x00000000c0000000,0x00000000c05dbcb0,0x00000000c5400000)
 Metaspace       used 5994K, capacity 7088K, committed 7296K, reserved 1056768K
  class space    used 568K, capacity 616K, committed 640K, reserved 1048576K
}

Deoptimization events (10 events):
Event: 3.237 Thread 0x0000000017c72800 Uncommon trap: reason=bimorphic action=maybe_recompile pc=0x000000000352fa6c method=com.android.dx.rop.code.RegisterSpec.withSimpleType()Lcom/android/dx/rop/code/RegisterSpec; @ 21
Event: 3.237 Thread 0x0000000017c72800 Uncommon trap: reason=unstable_if action=reinterpret pc=0x000000000352db48 method=com.android.dx.rop.code.RegisterSpec.intersect(Lcom/android/dx/rop/code/RegisterSpec;Z)Lcom/android/dx/rop/code/RegisterSpec; @ 8
Event: 3.238 Thread 0x0000000017c72800 Uncommon trap: reason=null_check action=make_not_entrant pc=0x00000000034a2eb4 method=com.android.dx.ssa.SsaRenamer.getLocalForNewReg(I)Lcom/android/dx/rop/code/LocalItem; @ 19
Event: 3.238 Thread 0x0000000017c72800 Uncommon trap: reason=null_check action=make_not_entrant pc=0x00000000034b2980 method=com.android.dx.ssa.SsaRenamer.getLocalForNewReg(I)Lcom/android/dx/rop/code/LocalItem; @ 19
Event: 3.239 Thread 0x0000000017c72800 Uncommon trap: reason=null_check action=make_not_entrant pc=0x00000000034af628 method=com.android.dx.ssa.SsaRenamer.getLocalForNewReg(I)Lcom/android/dx/rop/code/LocalItem; @ 19
Event: 3.246 Thread 0x0000000017c72800 Uncommon trap: reason=unstable_if action=reinterpret pc=0x0000000003518320 method=com.android.dx.rop.code.RegisterSpec.intersect(Lcom/android/dx/rop/code/RegisterSpec;Z)Lcom/android/dx/rop/code/RegisterSpec; @ 8
Event: 3.704 Thread 0x0000000017b91800 Uncommon trap: reason=unstable_if action=reinterpret pc=0x0000000003438950 method=com.android.dx.ssa.SCCP.simulateStmt(Lcom/android/dx/ssa/SsaInsn;)V @ 59
Event: 3.812 Thread 0x0000000002ea0800 Uncommon trap: reason=unstable_if action=reinterpret pc=0x00000000035a2cac method=com.android.dx.ssa.SsaRenamer$BlockRenamer.process()V @ 90
Event: 4.009 Thread 0x0000000002ea0800 Uncommon trap: reason=unstable_if action=reinterpret pc=0x000000000335527c method=com.android.dx.util.IntList.binarysearch(I)I @ 105
Event: 4.009 Thread 0x0000000002ea0800 Uncommon trap: reason=unstable_if action=reinterpret pc=0x0000000003586204 method=com.android.dx.ssa.SsaBasicBlock.newFromRop(Lcom/android/dx/rop/code/RopMethod;ILcom/android/dx/ssa/SsaMethod;)Lcom/android/dx/ssa/SsaBasicBlock; @ 164

Internal exceptions (5 events):
Event: 0.526 Thread 0x0000000002ea0800 Exception <a 'java/lang/NoSuchMethodError': Method sun.misc.Unsafe.defineClass(Ljava/lang/String;[BII)Ljava/lang/Class; name or signature does not match> (0x00000000eab07cc0) thrown at [C:\src\android\AOSP-openjdk\external\jetbrains\jdk\hotspot\src\share\vSbÍ˜‹Ôà?
Event: 0.526 Thread 0x0000000002ea0800 Exception <a 'java/lang/NoSuchMethodError': Method sun.misc.Unsafe.prefetchRead(Ljava/lang/Object;J)V name or signature does not match> (0x00000000eab07fa8) thrown at [C:\src\android\AOSP-openjdk\external\jetbrains\jdk\hotspot\src\share\vm\prims\jni.cpp, lÞð“·ç	@
Event: 3.238 Thread 0x0000000017c72800 Implicit null exception at 0x00000000034a1267 to 0x00000000034a2e69
Event: 3.238 Thread 0x0000000017c72800 Implicit null exception at 0x00000000034b1c39 to 0x00000000034b2935
Event: 3.239 Thread 0x0000000017c72800 Implicit null exception at 0x00000000034aeb06 to 0x00000000034af605

Events (10 events):
Event: 3.812 Thread 0x0000000002ea0800 DEOPT PACKING pc=0x00000000035a2cac sp=0x0000000002e9e500
Event: 3.812 Thread 0x0000000002ea0800 DEOPT UNPACKING pc=0x0000000002fe556a sp=0x0000000002e9e4e0 mode 2
Event: 3.856 Executing VM operation: ParallelGCFailedAllocation
Event: 3.980 Executing VM operation: ParallelGCFailedAllocation done
Event: 4.009 Thread 0x0000000002ea0800 Uncommon trap: trap_request=0xffffff65 fr.pc=0x000000000335527c
Event: 4.009 Thread 0x0000000002ea0800 DEOPT PACKING pc=0x000000000335527c sp=0x0000000002e9e4d0
Event: 4.009 Thread 0x0000000002ea0800 DEOPT UNPACKING pc=0x0000000002fe556a sp=0x0000000002e9e448 mode 2
Event: 4.009 Thread 0x0000000002ea0800 Uncommon trap: trap_request=0xffffff65 fr.pc=0x0000000003586204
Event: 4.009 Thread 0x0000000002ea0800 DEOPT PACKING pc=0x0000000003586204 sp=0x0000000002e9e5d0
Event: 4.009 Thread 0x0000000002ea0800 DEOPT UNPACKING pc=0x0000000002fe556a sp=0x0000000002e9e5d8 mode 2


Dynamic libraries:
0x00007ff74e470000 - 0x00007ff74e4a1000 	D:\IDE\Android Studio\jre\bin\java.exe
0x00007ffb50270000 - 0x00007ffb50441000 	C:\Windows\SYSTEM32\ntdll.dll
0x00007ffb4eed0000 - 0x00007ffb4ef7b000 	C:\Windows\System32\KERNEL32.DLL
0x00007ffb4d240000 - 0x00007ffb4d45d000 	C:\Windows\System32\KERNELBASE.dll
0x00007ffb4f6c0000 - 0x00007ffb4f762000 	C:\Windows\System32\ADVAPI32.dll
0x00007ffb501d0000 - 0x00007ffb5026e000 	C:\Windows\System32\msvcrt.dll
0x00007ffb4f5a0000 - 0x00007ffb4f5f9000 	C:\Windows\System32\sechost.dll
0x00007ffb4ff60000 - 0x00007ffb50081000 	C:\Windows\System32\RPCRT4.dll
0x00007ffb4f430000 - 0x00007ffb4f595000 	C:\Windows\System32\USER32.dll
0x00007ffb4d560000 - 0x00007ffb4d57e000 	C:\Windows\System32\win32u.dll
0x00007ffb4fe80000 - 0x00007ffb4feb4000 	C:\Windows\System32\GDI32.dll
0x00007ffb4d0b0000 - 0x00007ffb4d232000 	C:\Windows\System32\gdi32full.dll
0x00007ffb45710000 - 0x00007ffb4598a000 	C:\Windows\WinSxS\amd64_microsoft.windows.common-controls_6595b64144ccf1df_6.0.14393.351_none_4213128bc687e6d3\COMCTL32.dll
0x00007ffb4f8a0000 - 0x00007ffb4fb67000 	C:\Windows\System32\combase.dll
0x00007ffb4d460000 - 0x00007ffb4d555000 	C:\Windows\System32\ucrtbase.dll
0x00007ffb4d040000 - 0x00007ffb4d0aa000 	C:\Windows\System32\bcryptPrimitives.dll
0x00007ffb4f870000 - 0x00007ffb4f89e000 	C:\Windows\System32\IMM32.DLL
0x0000000050810000 - 0x00000000508e2000 	D:\IDE\Android Studio\jre\jre\bin\msvcr100.dll
0x00000000767e0000 - 0x0000000077014000 	D:\IDE\Android Studio\jre\jre\bin\server\jvm.dll
0x00007ffb4fcd0000 - 0x00007ffb4fcd8000 	C:\Windows\System32\PSAPI.DLL
0x00007ffb41e10000 - 0x00007ffb41e19000 	C:\Windows\SYSTEM32\WSOCK32.dll
0x00007ffb50150000 - 0x00007ffb501ba000 	C:\Windows\System32\WS2_32.dll
0x00007ffb43080000 - 0x00007ffb430a3000 	C:\Windows\SYSTEM32\WINMM.dll
0x00007ffb40100000 - 0x00007ffb4010a000 	C:\Windows\SYSTEM32\VERSION.dll
0x00007ffb42d80000 - 0x00007ffb42dab000 	C:\Windows\SYSTEM32\WINMMBASE.dll
0x00007ffb4c910000 - 0x00007ffb4c952000 	C:\Windows\System32\cfgmgr32.dll
0x00007ffb493b0000 - 0x00007ffb493bf000 	D:\IDE\Android Studio\jre\jre\bin\verify.dll
0x00007ffb417a0000 - 0x00007ffb417c9000 	D:\IDE\Android Studio\jre\jre\bin\java.dll
0x00007ffb45b20000 - 0x00007ffb45b36000 	D:\IDE\Android Studio\jre\jre\bin\zip.dll
0x00007ffb4d9c0000 - 0x00007ffb4eec9000 	C:\Windows\System32\SHELL32.dll
0x00007ffb4c960000 - 0x00007ffb4d03a000 	C:\Windows\System32\windows.storage.dll
0x00007ffb4c6f0000 - 0x00007ffb4c73c000 	C:\Windows\System32\powrprof.dll
0x00007ffb500f0000 - 0x00007ffb50142000 	C:\Windows\System32\shlwapi.dll
0x00007ffb4c750000 - 0x00007ffb4c75f000 	C:\Windows\System32\kernel.appcore.dll
0x00007ffb4c7c0000 - 0x00007ffb4c869000 	C:\Windows\System32\shcore.dll
0x00007ffb4c6d0000 - 0x00007ffb4c6e4000 	C:\Windows\System32\profapi.dll

VM Arguments:
jvm_args: -Djava.awt.headless=true -Xmx1024M -Dfile.encoding=GBK -Duser.country=CN -Duser.language=zh -Duser.variant 
java_command: com.android.dx.command.Main --dex --force-jumbo --num-threads=4 --multi-dex --output D:\StudioWorkSpace\openXu\OXAndroid\app\build\intermediates\transforms\dex\debug\folders\1000\10\com.android.support-support-fragment-25.0.1_b1c41db01b09367cba24f87df674b48ab8b2c8ab D:\StudioWorkSpace\openXu\OXAndroid\app\build\intermediates\exploded-aar\com.android.support\support-fragment\25.0.1\jars\classes.jar
java_class_path (initial): D:\IDE\sdk\build-tools\25.0.1\lib\dx.jar
Launcher Type: SUN_STANDARD

Environment Variables:
PATH=C:\ProgramData\Oracle\Java\javapath;C:\Program Files (x86)\Intel\iCLS Client\;C:\Program Files\Intel\iCLS Client\;C:\Windows\system32;C:\Windows;C:\Windows\System32\Wbem;C:\Windows\System32\WindowsPowerShell\v1.0\;C:\Program Files (x86)\Intel\Intel(R) Management Engine Components\DAL;C:\Program Files\Intel\Intel(R) Management Engine Components\DAL;C:\Program Files (x86)\Intel\Intel(R) Management Engine Components\IPT;C:\Program Files\Intel\Intel(R) Management Engine Components\IPT;C:\Program Files\Intel\WiFi\bin\;C:\Program Files\Common Files\Intel\WirelessCommon\;C:\Program Files (x86)\NVIDIA Corporation\PhysX\Common;C:\Program Files\Java\jdk1.8.0_40\bin;D:\IDE\sdk;D:\IDE\sdk\platform-tools;D:\Program Files\TortoiseSVN\bin;C:\Users\openXu\AppData\Local\Microsoft\WindowsApps;
USERNAME=openXu
OS=Windows_NT
PROCESSOR_IDENTIFIER=Intel64 Family 6 Model 94 Stepping 3, GenuineIntel



---------------  S Y S T E M  ---------------

OS: Windows 10.0 , 64 bit Build 14393 (10.0.14393.0)

CPU:total 8 (4 cores per cpu, 2 threads per core) family 6 model 94 stepping 3, cmov, cx8, fxsr, mmx, sse, sse2, sse3, ssse3, sse4.1, sse4.2, popcnt, avx, avx2, aes, clmul, erms, rtm, 3dnowpref, lzcnt, ht, tsc, tscinvbit, bmi1, bmi2, adx

Memory: 4k page, physical 8247572k(131304k free), swap 22119952k(14564k free)

vm_info: OpenJDK 64-Bit Server VM (25.76-b03) for windows-amd64 JRE (1.8.0_76-release-b03), built on Jun 29 2016 19:09:20 by "ralucas" with MS VC++ 10.0 (VS2010)

time: Tue Mar 07 19:06:25 2017
elapsed time: 4 seconds (0d 0h 0m 4s)

